

================================================================
== Vivado HLS Report for 'sqrt_fixed_16_6_s'
================================================================
* Date:           Wed Mar  1 19:34:33 2023

* Version:        2019.1 (Build 2552052 on Fri May 24 15:28:33 MDT 2019)
* Project:        BN
* Solution:       solution1
* Product family: zynq
* Target device:  xc7z020-clg400-1


================================================================
== Performance Estimates
================================================================
+ Timing (ns): 
    * Summary: 
    +--------+-------+----------+------------+
    |  Clock | Target| Estimated| Uncertainty|
    +--------+-------+----------+------------+
    |ap_clk  |  10.00|     8.274|        1.25|
    +--------+-------+----------+------------+

+ Latency (clock cycles): 
    * Summary: 
    +-----+-----+-----+-----+----------+
    |  Latency  |  Interval | Pipeline |
    | min | max | min | max |   Type   |
    +-----+-----+-----+-----+----------+
    |    7|    7|    1|    1| function |
    +-----+-----+-----+-----+----------+

    + Detail: 
        * Instance: 
        N/A

        * Loop: 
        N/A



================================================================
== Utilization Estimates
================================================================
* Summary: 
+-----------------+---------+-------+--------+-------+-----+
|       Name      | BRAM_18K| DSP48E|   FF   |  LUT  | URAM|
+-----------------+---------+-------+--------+-------+-----+
|DSP              |        -|      -|       -|      -|    -|
|Expression       |        -|      -|       0|   1899|    -|
|FIFO             |        -|      -|       -|      -|    -|
|Instance         |        -|      -|       -|      -|    -|
|Memory           |        -|      -|       -|      -|    -|
|Multiplexer      |        -|      -|       -|      -|    -|
|Register         |        0|      -|     472|     64|    -|
+-----------------+---------+-------+--------+-------+-----+
|Total            |        0|      0|     472|   1963|    0|
+-----------------+---------+-------+--------+-------+-----+
|Available        |      280|    220|  106400|  53200|    0|
+-----------------+---------+-------+--------+-------+-----+
|Utilization (%)  |        0|      0|   ~0   |      3|    0|
+-----------------+---------+-------+--------+-------+-----+

+ Detail: 
    * Instance: 
    N/A

    * DSP48E: 
    N/A

    * Memory: 
    N/A

    * FIFO: 
    N/A

    * Expression: 
    +----------------------------+----------+-------+---+----+------------+------------+
    |        Variable Name       | Operation| DSP48E| FF| LUT| Bitwidth P0| Bitwidth P1|
    +----------------------------+----------+-------+---+----+------------+------------+
    |add_ln248_fu_216_p2         |     +    |      0|  0|  12|           3|           2|
    |add_ln703_10_fu_1461_p2     |     +    |      0|  0|  15|           9|           2|
    |add_ln703_11_fu_1703_p2     |     +    |      0|  0|  11|          11|          11|
    |add_ln703_12_fu_1651_p2     |     +    |      0|  0|  15|           9|           2|
    |add_ln703_13_fu_1849_p2     |     +    |      0|  0|  11|          11|          11|
    |add_ln703_14_fu_1855_p2     |     +    |      0|  0|  15|           9|           2|
    |add_ln703_15_fu_456_p2      |     +    |      0|  0|  13|          11|          11|
    |add_ln703_1_fu_583_p2       |     +    |      0|  0|  15|           9|           2|
    |add_ln703_2_fu_719_p2       |     +    |      0|  0|  15|           9|           2|
    |add_ln703_3_fu_838_p2       |     +    |      0|  0|  15|           9|           2|
    |add_ln703_4_fu_944_p2       |     +    |      0|  0|  15|           9|           2|
    |add_ln703_5_fu_1077_p2      |     +    |      0|  0|  13|          11|          11|
    |add_ln703_6_fu_1083_p2      |     +    |      0|  0|  15|           9|           2|
    |add_ln703_7_fu_1264_p2      |     +    |      0|  0|  11|          11|          11|
    |add_ln703_8_fu_1269_p2      |     +    |      0|  0|  15|           9|           2|
    |add_ln703_9_fu_1456_p2      |     +    |      0|  0|  11|          11|          11|
    |add_ln703_fu_462_p2         |     +    |      0|  0|  15|           9|           2|
    |res_FH_V_fu_2050_p2         |     +    |      0|  0|  13|          11|           1|
    |res_FH_l_V_fu_2044_p2       |     +    |      0|  0|  12|          12|           1|
    |res_I_V_fu_2064_p2          |     +    |      0|  0|  12|           3|           1|
    |sub_ln248_1_fu_354_p2       |     -    |      0|  0|  15|           5|           5|
    |sub_ln248_fu_288_p2         |     -    |      0|  0|  13|           4|           4|
    |sub_ln703_10_fu_1451_p2     |     -    |      0|  0|  11|          11|          11|
    |sub_ln703_11_fu_1613_p2     |     -    |      0|  0|  13|          11|          11|
    |sub_ln703_12_fu_1699_p2     |     -    |      0|  0|  11|          11|          11|
    |sub_ln703_13_fu_1899_p2     |     -    |      0|  0|  13|          11|          11|
    |sub_ln703_14_fu_1843_p2     |     -    |      0|  0|  11|          11|          11|
    |sub_ln703_1_fu_577_p2       |     -    |      0|  0|  13|          11|          11|
    |sub_ln703_2_fu_597_p2       |     -    |      0|  0|  15|           9|           9|
    |sub_ln703_3_fu_714_p2       |     -    |      0|  0|  13|          11|          11|
    |sub_ln703_4_fu_733_p2       |     -    |      0|  0|  15|           9|           9|
    |sub_ln703_5_fu_832_p2       |     -    |      0|  0|  13|          11|          11|
    |sub_ln703_6_fu_938_p2       |     -    |      0|  0|  13|          11|          11|
    |sub_ln703_7_fu_1222_p2      |     -    |      0|  0|  13|          11|          11|
    |sub_ln703_8_fu_1258_p2      |     -    |      0|  0|  11|          11|          11|
    |sub_ln703_9_fu_1426_p2      |     -    |      0|  0|  13|          11|          11|
    |sub_ln703_fu_473_p2         |     -    |      0|  0|  15|           9|           9|
    |and_ln318_10_fu_1974_p2     |    and   |      0|  0|   2|           1|           1|
    |and_ln318_1_fu_615_p2       |    and   |      0|  0|   2|           1|           1|
    |and_ln318_2_fu_760_p2       |    and   |      0|  0|   2|           1|           1|
    |and_ln318_3_fu_856_p2       |    and   |      0|  0|   2|           1|           1|
    |and_ln318_4_fu_980_p2       |    and   |      0|  0|   2|           1|           1|
    |and_ln318_5_fu_1053_p2      |    and   |      0|  0|   2|           1|           1|
    |and_ln318_6_fu_1193_p2      |    and   |      0|  0|   2|           1|           1|
    |and_ln318_7_fu_1404_p2      |    and   |      0|  0|   2|           1|           1|
    |and_ln318_8_fu_1583_p2      |    and   |      0|  0|   2|           1|           1|
    |and_ln318_9_fu_1782_p2      |    and   |      0|  0|   2|           1|           1|
    |and_ln318_fu_479_p2         |    and   |      0|  0|   2|           1|           1|
    |and_ln331_1_fu_1440_p2      |    and   |      0|  0|   2|           1|           1|
    |and_ln331_2_fu_1631_p2      |    and   |      0|  0|   2|           1|           1|
    |and_ln331_3_fu_1823_p2      |    and   |      0|  0|   2|           1|           1|
    |and_ln331_fu_1238_p2        |    and   |      0|  0|   2|           1|           1|
    |icmp_ln1494_10_fu_1958_p2   |   icmp   |      0|  0|  13|           9|           1|
    |icmp_ln1494_11_fu_1047_p2   |   icmp   |      0|  0|  13|          11|          11|
    |icmp_ln1494_12_fu_1188_p2   |   icmp   |      0|  0|  13|          11|          11|
    |icmp_ln1494_13_fu_1399_p2   |   icmp   |      0|  0|  13|          11|          11|
    |icmp_ln1494_14_fu_1577_p2   |   icmp   |      0|  0|  13|          11|          11|
    |icmp_ln1494_15_fu_1776_p2   |   icmp   |      0|  0|  13|          11|          11|
    |icmp_ln1494_16_fu_1968_p2   |   icmp   |      0|  0|  13|          11|          11|
    |icmp_ln1494_1_fu_559_p2     |   icmp   |      0|  0|  13|           9|           9|
    |icmp_ln1494_2_fu_697_p2     |   icmp   |      0|  0|  13|           9|           9|
    |icmp_ln1494_3_fu_814_p2     |   icmp   |      0|  0|  13|           9|           1|
    |icmp_ln1494_4_fu_920_p2     |   icmp   |      0|  0|  13|           9|           1|
    |icmp_ln1494_5_fu_1035_p2    |   icmp   |      0|  0|  13|           9|           1|
    |icmp_ln1494_6_fu_1178_p2    |   icmp   |      0|  0|  13|           9|           1|
    |icmp_ln1494_7_fu_1389_p2    |   icmp   |      0|  0|  13|           9|           1|
    |icmp_ln1494_8_fu_1565_p2    |   icmp   |      0|  0|  13|           9|           1|
    |icmp_ln1494_9_fu_1766_p2    |   icmp   |      0|  0|  13|           9|           1|
    |icmp_ln1494_fu_446_p2       |   icmp   |      0|  0|  13|           9|           9|
    |icmp_ln1495_1_fu_571_p2     |   icmp   |      0|  0|  13|          11|          11|
    |icmp_ln1495_2_fu_709_p2     |   icmp   |      0|  0|  13|          11|          11|
    |icmp_ln1495_3_fu_826_p2     |   icmp   |      0|  0|  13|          11|          11|
    |icmp_ln1495_4_fu_932_p2     |   icmp   |      0|  0|  13|          11|          11|
    |icmp_ln1495_5_fu_1228_p2    |   icmp   |      0|  0|  13|          11|          11|
    |icmp_ln1495_6_fu_1430_p2    |   icmp   |      0|  0|  13|          11|          11|
    |icmp_ln1495_7_fu_1619_p2    |   icmp   |      0|  0|  13|          11|          11|
    |icmp_ln1495_8_fu_1811_p2    |   icmp   |      0|  0|  13|          11|          11|
    |icmp_ln1495_fu_390_p2       |   icmp   |      0|  0|   8|           2|           1|
    |icmp_ln1496_1_fu_1367_p2    |   icmp   |      0|  0|  13|          11|          11|
    |icmp_ln1496_2_fu_1595_p2    |   icmp   |      0|  0|  13|          11|          11|
    |icmp_ln1496_3_fu_1794_p2    |   icmp   |      0|  0|  13|          11|          11|
    |icmp_ln1496_4_fu_1986_p2    |   icmp   |      0|  0|  13|          11|          11|
    |icmp_ln1496_fu_1204_p2      |   icmp   |      0|  0|  13|          11|          11|
    |icmp_ln1498_10_fu_1963_p2   |   icmp   |      0|  0|  13|           9|           1|
    |icmp_ln1498_11_fu_1233_p2   |   icmp   |      0|  0|  13|          11|          11|
    |icmp_ln1498_12_fu_1435_p2   |   icmp   |      0|  0|  13|          11|          11|
    |icmp_ln1498_13_fu_1625_p2   |   icmp   |      0|  0|  13|          11|          11|
    |icmp_ln1498_14_fu_1817_p2   |   icmp   |      0|  0|  13|          11|          11|
    |icmp_ln1498_1_fu_565_p2     |   icmp   |      0|  0|  13|           9|           9|
    |icmp_ln1498_2_fu_703_p2     |   icmp   |      0|  0|  13|           9|           9|
    |icmp_ln1498_3_fu_820_p2     |   icmp   |      0|  0|  13|           9|           1|
    |icmp_ln1498_4_fu_926_p2     |   icmp   |      0|  0|  13|           9|           1|
    |icmp_ln1498_5_fu_1041_p2    |   icmp   |      0|  0|  13|           9|           1|
    |icmp_ln1498_6_fu_1183_p2    |   icmp   |      0|  0|  13|           9|           1|
    |icmp_ln1498_7_fu_1394_p2    |   icmp   |      0|  0|  13|           9|           1|
    |icmp_ln1498_8_fu_1571_p2    |   icmp   |      0|  0|  13|           9|           1|
    |icmp_ln1498_9_fu_1771_p2    |   icmp   |      0|  0|  13|           9|           1|
    |icmp_ln1498_fu_451_p2       |   icmp   |      0|  0|  13|           9|           9|
    |icmp_ln318_1_fu_603_p2      |   icmp   |      0|  0|  13|          11|          11|
    |icmp_ln318_2_fu_749_p2      |   icmp   |      0|  0|  13|          11|          11|
    |icmp_ln318_3_fu_844_p2      |   icmp   |      0|  0|  13|          11|          11|
    |icmp_ln318_4_fu_968_p2      |   icmp   |      0|  0|  13|          11|          11|
    |icmp_ln318_5_fu_1199_p2     |   icmp   |      0|  0|  13|          11|          11|
    |icmp_ln318_6_fu_1410_p2     |   icmp   |      0|  0|  13|          11|          11|
    |icmp_ln318_7_fu_1589_p2     |   icmp   |      0|  0|  13|          11|          11|
    |icmp_ln318_8_fu_1788_p2     |   icmp   |      0|  0|  13|          11|          11|
    |icmp_ln318_9_fu_1980_p2     |   icmp   |      0|  0|  13|          11|          11|
    |icmp_ln318_fu_406_p2        |   icmp   |      0|  0|   8|           2|           1|
    |icmp_ln331_fu_1059_p2       |   icmp   |      0|  0|  13|          11|          11|
    |icmp_ln488_1_fu_282_p2      |   icmp   |      0|  0|   9|           4|           4|
    |icmp_ln488_2_fu_348_p2      |   icmp   |      0|  0|  11|           5|           5|
    |icmp_ln488_fu_210_p2        |   icmp   |      0|  0|   8|           2|           1|
    |or_ln318_10_fu_1415_p2      |    or    |      0|  0|   2|           1|           1|
    |or_ln318_11_fu_1420_p2      |    or    |      0|  0|   2|           1|           1|
    |or_ln318_12_fu_1607_p2      |    or    |      0|  0|   2|           1|           1|
    |or_ln318_13_fu_1805_p2      |    or    |      0|  0|   2|           1|           1|
    |or_ln318_14_fu_1998_p2      |    or    |      0|  0|   2|           1|           1|
    |or_ln318_15_fu_1488_p2      |    or    |      0|  0|   2|           1|           1|
    |or_ln318_16_fu_1494_p2      |    or    |      0|  0|   2|           1|           1|
    |or_ln318_17_fu_1601_p2      |    or    |      0|  0|   2|           1|           1|
    |or_ln318_18_fu_1671_p2      |    or    |      0|  0|   2|           1|           1|
    |or_ln318_19_fu_1677_p2      |    or    |      0|  0|   2|           1|           1|
    |or_ln318_1_fu_621_p2        |    or    |      0|  0|   2|           1|           1|
    |or_ln318_20_fu_1799_p2      |    or    |      0|  0|   2|           1|           1|
    |or_ln318_21_fu_1873_p2      |    or    |      0|  0|   2|           1|           1|
    |or_ln318_22_fu_1879_p2      |    or    |      0|  0|   2|           1|           1|
    |or_ln318_23_fu_1992_p2      |    or    |      0|  0|   2|           1|           1|
    |or_ln318_24_fu_2020_p2      |    or    |      0|  0|   2|           1|           1|
    |or_ln318_25_fu_2026_p2      |    or    |      0|  0|   2|           1|           1|
    |or_ln318_2_fu_766_p2        |    or    |      0|  0|   2|           1|           1|
    |or_ln318_3_fu_862_p2        |    or    |      0|  0|   2|           1|           1|
    |or_ln318_4_fu_986_p2        |    or    |      0|  0|   2|           1|           1|
    |or_ln318_5_fu_1097_p2       |    or    |      0|  0|   2|           1|           1|
    |or_ln318_6_fu_1216_p2       |    or    |      0|  0|   2|           1|           1|
    |or_ln318_7_fu_1210_p2       |    or    |      0|  0|   2|           1|           1|
    |or_ln318_8_fu_1297_p2       |    or    |      0|  0|   2|           1|           1|
    |or_ln318_9_fu_1303_p2       |    or    |      0|  0|   2|           1|           1|
    |or_ln318_fu_484_p2          |    or    |      0|  0|   2|           1|           1|
    |or_ln331_1_fu_1445_p2       |    or    |      0|  0|   2|           1|           1|
    |or_ln331_2_fu_1637_p2       |    or    |      0|  0|   2|           1|           1|
    |or_ln331_3_fu_1829_p2       |    or    |      0|  0|   2|           1|           1|
    |or_ln331_fu_1244_p2         |    or    |      0|  0|   2|           1|           1|
    |ap_return                   |  select  |      0|  0|  13|           1|           1|
    |p_Val2_s_fu_2069_p3         |  select  |      0|  0|   3|           1|           3|
    |p_neg_6_fu_1250_p3          |  select  |      0|  0|   2|           1|           2|
    |p_neg_7_fu_1373_p3          |  select  |      0|  0|   2|           1|           2|
    |p_neg_8_fu_1643_p3          |  select  |      0|  0|   2|           1|           2|
    |p_neg_9_fu_1835_p3          |  select  |      0|  0|   2|           1|           2|
    |select_ln318_10_fu_888_p3   |  select  |      0|  0|  11|           1|          11|
    |select_ln318_11_fu_893_p3   |  select  |      0|  0|   9|           1|           9|
    |select_ln318_12_fu_992_p3   |  select  |      0|  0|  11|           1|          11|
    |select_ln318_13_fu_1000_p3  |  select  |      0|  0|  11|           1|          11|
    |select_ln318_14_fu_1008_p3  |  select  |      0|  0|   9|           1|           9|
    |select_ln318_15_fu_1128_p3  |  select  |      0|  0|  11|           1|          11|
    |select_ln318_16_fu_1134_p3  |  select  |      0|  0|  12|           1|          12|
    |select_ln318_17_fu_1103_p3  |  select  |      0|  0|  11|           1|          11|
    |select_ln318_18_fu_1111_p3  |  select  |      0|  0|   9|           1|           9|
    |select_ln318_19_fu_1309_p3  |  select  |      0|  0|  11|           1|          11|
    |select_ln318_1_fu_498_p3    |  select  |      0|  0|  11|           1|          11|
    |select_ln318_20_fu_1317_p3  |  select  |      0|  0|  11|           1|          11|
    |select_ln318_21_fu_1325_p3  |  select  |      0|  0|  11|           1|          11|
    |select_ln318_22_fu_1332_p3  |  select  |      0|  0|   9|           1|           9|
    |select_ln318_23_fu_1500_p3  |  select  |      0|  0|  11|           1|          11|
    |select_ln318_24_fu_1507_p3  |  select  |      0|  0|  11|           1|          11|
    |select_ln318_25_fu_1514_p3  |  select  |      0|  0|  11|           1|          11|
    |select_ln318_26_fu_1521_p3  |  select  |      0|  0|   9|           1|           9|
    |select_ln318_27_fu_1717_p3  |  select  |      0|  0|  11|           1|          11|
    |select_ln318_28_fu_1683_p3  |  select  |      0|  0|  11|           1|          11|
    |select_ln318_29_fu_1723_p3  |  select  |      0|  0|  11|           1|          11|
    |select_ln318_2_fu_506_p3    |  select  |      0|  0|   9|           1|           9|
    |select_ln318_30_fu_1691_p3  |  select  |      0|  0|   9|           1|           9|
    |select_ln318_31_fu_1912_p3  |  select  |      0|  0|  11|           1|          11|
    |select_ln318_32_fu_1918_p3  |  select  |      0|  0|  11|           1|          11|
    |select_ln318_33_fu_1924_p3  |  select  |      0|  0|  11|           1|          11|
    |select_ln318_34_fu_1885_p3  |  select  |      0|  0|   9|           1|           9|
    |select_ln318_35_fu_2032_p3  |  select  |      0|  0|  11|           1|          11|
    |select_ln318_3_fu_656_p3    |  select  |      0|  0|  11|           1|          11|
    |select_ln318_4_fu_627_p3    |  select  |      0|  0|  11|           1|          11|
    |select_ln318_5_fu_662_p3    |  select  |      0|  0|   9|           1|           9|
    |select_ln318_6_fu_772_p3    |  select  |      0|  0|  11|           1|          11|
    |select_ln318_7_fu_780_p3    |  select  |      0|  0|  11|           1|          11|
    |select_ln318_8_fu_787_p3    |  select  |      0|  0|   9|           1|           9|
    |select_ln318_9_fu_882_p3    |  select  |      0|  0|  11|           1|          11|
    |select_ln318_fu_490_p3      |  select  |      0|  0|  12|           1|          12|
    |select_ln339_1_fu_589_p3    |  select  |      0|  0|   9|           1|           9|
    |select_ln339_2_fu_725_p3    |  select  |      0|  0|   9|           1|           9|
    |select_ln339_3_fu_868_p3    |  select  |      0|  0|   9|           1|           9|
    |select_ln339_4_fu_950_p3    |  select  |      0|  0|   9|           1|           9|
    |select_ln339_5_fu_1089_p3   |  select  |      0|  0|   9|           1|           9|
    |select_ln339_6_fu_1274_p3   |  select  |      0|  0|   9|           1|           9|
    |select_ln339_7_fu_1466_p3   |  select  |      0|  0|   9|           1|           9|
    |select_ln339_8_fu_1657_p3   |  select  |      0|  0|   9|           1|           9|
    |select_ln339_9_fu_1860_p3   |  select  |      0|  0|   9|           1|           9|
    |select_ln339_fu_467_p3      |  select  |      0|  0|   9|           1|           9|
    |select_ln488_1_fu_242_p3    |  select  |      0|  0|   9|           1|           9|
    |select_ln488_2_fu_316_p3    |  select  |      0|  0|   3|           1|           3|
    |select_ln488_3_fu_324_p3    |  select  |      0|  0|   9|           1|           9|
    |select_ln488_4_fu_428_p3    |  select  |      0|  0|   3|           1|           3|
    |select_ln488_5_fu_372_p3    |  select  |      0|  0|   9|           1|           9|
    |select_ln488_fu_234_p3      |  select  |      0|  0|   4|           1|           1|
    |xor_ln318_1_fu_1482_p2      |    xor   |      0|  0|   2|           1|           2|
    |xor_ln318_2_fu_1665_p2      |    xor   |      0|  0|   2|           1|           2|
    |xor_ln318_3_fu_1867_p2      |    xor   |      0|  0|   2|           1|           2|
    |xor_ln318_4_fu_2014_p2      |    xor   |      0|  0|   2|           1|           2|
    |xor_ln318_5_fu_609_p2       |    xor   |      0|  0|   2|           1|           2|
    |xor_ln318_6_fu_754_p2       |    xor   |      0|  0|   2|           1|           2|
    |xor_ln318_7_fu_850_p2       |    xor   |      0|  0|   2|           1|           2|
    |xor_ln318_8_fu_974_p2       |    xor   |      0|  0|   2|           1|           2|
    |xor_ln318_fu_1291_p2        |    xor   |      0|  0|   2|           1|           2|
    |xor_ln331_fu_1065_p2        |    xor   |      0|  0|   2|           1|           2|
    |xor_ln703_fu_1071_p2        |    xor   |      0|  0|  11|          11|           2|
    +----------------------------+----------+-------+---+----+------------+------------+
    |Total                       |          |      0|  0|1899|        1053|        1285|
    +----------------------------+----------+-------+---+----+------------+------------+

    * Multiplexer: 
    N/A

    * Register: 
    +----------------------------------------+----+----+-----+-----------+
    |                  Name                  | FF | LUT| Bits| Const Bits|
    +----------------------------------------+----+----+-----+-----------+
    |add_ln703_13_reg_2378                   |  11|   0|   11|          0|
    |add_ln703_3_reg_2223                    |   9|   0|    9|          0|
    |icmp_ln1495_3_reg_2213                  |   1|   0|    1|          0|
    |icmp_ln1495_reg_2132                    |   1|   0|    1|          0|
    |icmp_ln1496_1_reg_2307                  |   1|   0|    1|          0|
    |icmp_ln318_reg_2137                     |   1|   0|    1|          0|
    |icmp_ln488_2_reg_2118                   |   1|   0|    1|          0|
    |mul_FL_V_7_reg_2302                     |   4|   0|   11|          7|
    |mul_FL_V_9_reg_2373                     |   8|   0|   11|          3|
    |or_ln318_19_reg_2340                    |   1|   0|    1|          0|
    |or_ln318_1_reg_2172                     |   1|   0|    1|          0|
    |or_ln318_22_reg_2383                    |   1|   0|    1|          0|
    |or_ln318_3_reg_2228                     |   1|   0|    1|          0|
    |or_ln318_5_reg_2241                     |   1|   0|    1|          0|
    |p_neg_7_reg_2313                        |  11|   0|   11|          0|
    |p_neg_8_reg_2335                        |  11|   0|   11|          0|
    |select_ln318_12_reg_2235                |  11|   0|   11|          0|
    |select_ln318_17_reg_2247                |  11|   0|   11|          0|
    |select_ln318_18_reg_2257                |   9|   0|    9|          0|
    |select_ln318_19_reg_2266                |  11|   0|   11|          0|
    |select_ln318_20_reg_2272                |   3|   0|   11|          8|
    |select_ln318_21_reg_2278                |  11|   0|   11|          0|
    |select_ln318_22_reg_2288                |   9|   0|    9|          0|
    |select_ln318_23_reg_2318                |  11|   0|   11|          0|
    |select_ln318_25_reg_2324                |  11|   0|   11|          0|
    |select_ln318_27_reg_2362                |  11|   0|   11|          0|
    |select_ln318_28_reg_2346                |   7|   0|   11|          4|
    |select_ln318_28_reg_2346_pp0_iter6_reg  |   7|   0|   11|          4|
    |select_ln318_29_reg_2368                |  11|   0|   11|          0|
    |select_ln318_2_reg_2162                 |   9|   0|    9|          0|
    |select_ln318_30_reg_2353                |   9|   0|    9|          0|
    |select_ln318_34_reg_2390                |   9|   0|    9|          0|
    |select_ln318_4_reg_2178                 |  10|   0|   11|          1|
    |select_ln318_6_reg_2196                 |  11|   0|   11|          0|
    |select_ln318_7_reg_2202                 |  10|   0|   11|          1|
    |select_ln318_8_reg_2207                 |   9|   0|    9|          0|
    |select_ln318_reg_2156                   |   1|   0|   11|         10|
    |select_ln488_2_reg_2112                 |   3|   0|    3|          0|
    |select_ln488_4_reg_2142                 |   3|   0|    3|          0|
    |select_ln488_5_reg_2123                 |   9|   0|    9|          0|
    |sub_ln703_2_reg_2167                    |   9|   0|    9|          0|
    |sub_ln703_5_reg_2218                    |  10|   0|   11|          1|
    |tmp_19_reg_2186                         |   1|   0|    1|          0|
    |tmp_7_reg_2297                          |   4|   0|    4|          0|
    |trunc_ln708_10_reg_2330                 |   6|   0|   11|          5|
    |trunc_ln708_13_reg_2191                 |   2|   0|    2|          0|
    |trunc_ln731_reg_2107                    |  10|   0|   10|          0|
    |x_V_int_reg                             |  16|   0|   16|          0|
    |x_V_read_reg_2102                       |  16|   0|   16|          0|
    |select_ln488_4_reg_2142                 |  64|  32|    3|          0|
    |x_V_read_reg_2102                       |  64|  32|   16|          0|
    +----------------------------------------+----+----+-----+-----------+
    |Total                                   | 472|  64|  407|         44|
    +----------------------------------------+----+----+-----+-----------+



================================================================
== Interface
================================================================
* Summary: 
+-----------+-----+-----+------------+-------------------+--------------+
| RTL Ports | Dir | Bits|  Protocol  |   Source Object   |    C Type    |
+-----------+-----+-----+------------+-------------------+--------------+
|ap_clk     |  in |    1| ap_ctrl_hs | sqrt_fixed<16, 6> | return value |
|ap_rst     |  in |    1| ap_ctrl_hs | sqrt_fixed<16, 6> | return value |
|ap_return  | out |   13| ap_ctrl_hs | sqrt_fixed<16, 6> | return value |
|x_V        |  in |   16|   ap_none  |        x_V        |    scalar    |
+-----------+-----+-----+------------+-------------------+--------------+

