INFO-FLOW: Workspace D:/HLS_FPGA/BN/HLS/BN/solution5 opened at Thu Mar 02 17:39:41 +0800 2023
Execute     config_clock -quiet -name default -period 10 -default=false 
INFO: [SYN 201-201] Setting up clock 'default' with a period of 10ns.
Execute     open_platform DefaultPlatform 
Execute     import_lib E:/programs/Xilinx/Vivado/2019.1/common/technology/xilinx/zynq/zynq 
Execute       source E:/programs/Xilinx/Vivado/2019.1/common/technology/xilinx/common/xilinx.lib 
Execute         source E:/programs/Xilinx/Vivado/2019.1/common/technology/xilinx/interface/xilinx_interface.lib 
Execute           source E:/programs/Xilinx/Vivado/2019.1/common/technology/xilinx/interface/plb46.lib 
Execute           source E:/programs/Xilinx/Vivado/2019.1/common/technology/xilinx/interface/fsl.lib 
Execute           source E:/programs/Xilinx/Vivado/2019.1/common/technology/xilinx/interface/axi4.lib 
Execute           source E:/programs/Xilinx/Vivado/2019.1/common/technology/xilinx/interface/maxi.lib 
Execute           source E:/programs/Xilinx/Vivado/2019.1/common/technology/xilinx/interface/saxilite.lib 
Execute         source E:/programs/Xilinx/Vivado/2019.1/common/technology/xilinx/common/dsp48.lib 
Execute         source E:/programs/Xilinx/Vivado/2019.1/common/technology/xilinx/ip/dds_compiler.lib 
Execute         source E:/programs/Xilinx/Vivado/2019.1/common/technology/xilinx/ip/xfft.lib 
Execute         source E:/programs/Xilinx/Vivado/2019.1/common/technology/xilinx/ip/xfir.lib 
Execute       source E:/programs/Xilinx/Vivado/2019.1/common/technology/xilinx/common/xilinx.hlp 
Execute         source E:/programs/Xilinx/Vivado/2019.1/common/technology/xilinx/common/target_info.tcl 
Execute         source E:/programs/Xilinx/Vivado/2019.1/common/technology/xilinx/interface/xilinx_interface.hlp 
Execute           source E:/programs/Xilinx/Vivado/2019.1/common/technology/xilinx/interface/maxi.hlp 
Execute           source E:/programs/Xilinx/Vivado/2019.1/common/technology/xilinx/interface/saxilite.hlp 
Execute         source E:/programs/Xilinx/Vivado/2019.1/common/technology/xilinx/common/dsp48.hlp 
Execute       source E:/programs/Xilinx/Vivado/2019.1/common/technology/xilinx/zynq/dsp48e1.hlp 
Execute       source E:/programs/Xilinx/Vivado/2019.1/common/technology/xilinx/common/xilinx.hlp 
Execute         source E:/programs/Xilinx/Vivado/2019.1/common/technology/xilinx/common/target_info.tcl 
Execute         source E:/programs/Xilinx/Vivado/2019.1/common/technology/xilinx/interface/xilinx_interface.hlp 
Execute           source E:/programs/Xilinx/Vivado/2019.1/common/technology/xilinx/interface/maxi.hlp 
Execute           source E:/programs/Xilinx/Vivado/2019.1/common/technology/xilinx/interface/saxilite.hlp 
Execute         source E:/programs/Xilinx/Vivado/2019.1/common/technology/xilinx/common/dsp48.hlp 
Execute     source E:/programs/Xilinx/Vivado/2019.1/common/technology/xilinx/zynq/zynq.gen 
Execute       source E:/programs/Xilinx/Vivado/2019.1/common/technology/xilinx/common/xilinx.gen 
Execute         source E:/programs/Xilinx/Vivado/2019.1/common/technology/xilinx/interface/plb46.gen 
Execute         source E:/programs/Xilinx/Vivado/2019.1/common/technology/xilinx/interface/fsl.gen 
Execute         source E:/programs/Xilinx/Vivado/2019.1/common/technology/xilinx/interface/axi4.gen 
Execute         source E:/programs/Xilinx/Vivado/2019.1/common/technology/xilinx/interface/nativeAXI4.gen 
Execute           source E:/programs/Xilinx/Vivado/2019.1/common/technology/xilinx/interface/saxilite.gen 
Execute           source E:/programs/Xilinx/Vivado/2019.1/common/technology/xilinx/interface/maxi.gen 
Execute         source E:/programs/Xilinx/Vivado/2019.1/common/technology/xilinx/scripts/xilinxcoregen.gen 
Execute         source E:/programs/Xilinx/Vivado/2019.1/common/technology/xilinx/interface/XilEDKCoreGen.gen 
Execute         source E:/programs/Xilinx/Vivado/2019.1/common/technology/xilinx/ip/dds_compiler.gen 
Execute         source E:/programs/Xilinx/Vivado/2019.1/common/technology/xilinx/ip/util.gen 
Execute         source E:/programs/Xilinx/Vivado/2019.1/common/technology/xilinx/ip/xfft.gen 
Command         ap_source done; 0.104 sec.
Execute         source E:/programs/Xilinx/Vivado/2019.1/common/technology/xilinx/ip/xfir.gen 
Execute         source E:/programs/Xilinx/Vivado/2019.1/common/technology/xilinx/common/dsp48.gen 
Command       ap_source done; 0.155 sec.
Command     ap_source done; 0.155 sec.
Execute     open_platform DefaultPlatform 
Execute     import_lib E:/programs/Xilinx/Vivado/2019.1/common/technology/xilinx/zynq/zynq_fpv6 
Execute       source E:/programs/Xilinx/Vivado/2019.1/common/technology/xilinx/common/xilinx_fp.lib 
Execute       source E:/programs/Xilinx/Vivado/2019.1/common/technology/xilinx/common/xilinx_fp.hlp 
Execute         source E:/programs/Xilinx/Vivado/2019.1/common/technology/xilinx/common/xilinx.hlp 
Execute           source E:/programs/Xilinx/Vivado/2019.1/common/technology/xilinx/common/target_info.tcl 
Execute           source E:/programs/Xilinx/Vivado/2019.1/common/technology/xilinx/interface/xilinx_interface.hlp 
Execute             source E:/programs/Xilinx/Vivado/2019.1/common/technology/xilinx/interface/maxi.hlp 
Execute             source E:/programs/Xilinx/Vivado/2019.1/common/technology/xilinx/interface/saxilite.hlp 
Execute           source E:/programs/Xilinx/Vivado/2019.1/common/technology/xilinx/common/dsp48.hlp 
Execute     source E:/programs/Xilinx/Vivado/2019.1/common/technology/xilinx/zynq/zynq_fpv6.gen 
Execute       source E:/programs/Xilinx/Vivado/2019.1/common/technology/xilinx/common/xilinx_fp.gen 
Execute     set_part xc7z020-clg400-1 
Execute       ap_part_info -name xc7z020-clg400-1 -data single -quiet 
Command       ap_part_info done; 0.693 sec.
Execute       ap_part_info -name xc7z020-clg400-1 -data info 
Execute       add_library xilinx/zynq/zynq:xc7z020:-clg400:-1 
Execute         get_default_platform 
Execute         license_isbetapart xc7z020 
Command         license_isbetapart done; error code: 1; 
Execute         ap_part_info -data single -name xc7z020-clg400-1 
Execute         ap_part_info -name xc7z020-clg400-1 -data resources 
Execute         ap_part_info -name xc7z020-clg400-1 -data info 
Execute         ap_part_info -name xc7z020-clg400-1 -data info 
Execute         config_chip_info -quiet -resource {SLICE 13300} {LUT 53200} {FF 106400} {DSP48E 220} {BRAM 280} {URAM 0} 
Execute         ap_part_info -name xc7z020-clg400-1 -data info 
Execute         config_chip_info -quiet -speed slow 
Execute       add_library xilinx/zynq/zynq_fpv6 
Execute         get_default_platform 
Execute         open_platform DefaultPlatform 
Execute         import_lib E:/programs/Xilinx/Vivado/2019.1/common/technology/xilinx/zynq/zynq_fpv6 
Execute           source E:/programs/Xilinx/Vivado/2019.1/common/technology/xilinx/common/xilinx_fp.lib 
Execute           source E:/programs/Xilinx/Vivado/2019.1/common/technology/xilinx/common/xilinx_fp.hlp 
Execute             source E:/programs/Xilinx/Vivado/2019.1/common/technology/xilinx/common/xilinx.hlp 
Execute               source E:/programs/Xilinx/Vivado/2019.1/common/technology/xilinx/common/target_info.tcl 
Execute               source E:/programs/Xilinx/Vivado/2019.1/common/technology/xilinx/interface/xilinx_interface.hlp 
Execute                 source E:/programs/Xilinx/Vivado/2019.1/common/technology/xilinx/interface/maxi.hlp 
Execute                 source E:/programs/Xilinx/Vivado/2019.1/common/technology/xilinx/interface/saxilite.hlp 
Execute               source E:/programs/Xilinx/Vivado/2019.1/common/technology/xilinx/common/dsp48.hlp 
Execute         source E:/programs/Xilinx/Vivado/2019.1/common/technology/xilinx/zynq/zynq_fpv6.gen 
Execute           source E:/programs/Xilinx/Vivado/2019.1/common/technology/xilinx/common/xilinx_fp.gen 
INFO: [HLS 200-10] Setting target device to 'xc7z020-clg400-1'
Execute       ap_part_info -name xc7z020-clg400-1 -data info 
Execute       get_default_platform 
Command     set_part done; 0.816 sec.
Execute     ap_part_info -data single -name xc7z020-clg400-1 
Execute     ap_part_info -name xc7z020-clg400-1 -data resources 
Execute     ap_part_info -name xc7z020-clg400-1 -data info 
Execute     ap_part_info -name xc7z020-clg400-1 -data info 
Execute     config_chip_info -quiet -resource {SLICE 13300} {LUT 53200} {FF 106400} {DSP48E 220} {BRAM 280} {URAM 0} 
Execute     ap_part_info -name xc7z020-clg400-1 -data info 
Execute     config_chip_info -quiet -speed slow 
Command   open_solution done; 1.059 sec.
Execute   set_part xc7z020-clg400-1 
Execute     ap_part_info -name xc7z020-clg400-1 -data single -quiet 
Execute     ap_part_info -name xc7z020-clg400-1 -data info 
Execute     add_library xilinx/zynq/zynq:xc7z020:-clg400:-1 
Execute       get_default_platform 
Execute       license_isbetapart xc7z020 
Command       license_isbetapart done; error code: 1; 
Execute       ap_part_info -data single -name xc7z020-clg400-1 
Execute       ap_part_info -name xc7z020-clg400-1 -data resources 
Execute       ap_part_info -name xc7z020-clg400-1 -data info 
Execute       ap_part_info -name xc7z020-clg400-1 -data info 
Execute       config_chip_info -quiet -resource {SLICE 13300} {LUT 53200} {FF 106400} {DSP48E 220} {BRAM 280} {URAM 0} 
Execute       ap_part_info -name xc7z020-clg400-1 -data info 
Execute       config_chip_info -quiet -speed slow 
Execute     add_library xilinx/zynq/zynq_fpv6 
Execute       get_default_platform 
Execute       open_platform DefaultPlatform 
Execute       import_lib E:/programs/Xilinx/Vivado/2019.1/common/technology/xilinx/zynq/zynq_fpv6 
Execute         source E:/programs/Xilinx/Vivado/2019.1/common/technology/xilinx/common/xilinx_fp.lib 
Execute         source E:/programs/Xilinx/Vivado/2019.1/common/technology/xilinx/common/xilinx_fp.hlp 
Execute           source E:/programs/Xilinx/Vivado/2019.1/common/technology/xilinx/common/xilinx.hlp 
Execute             source E:/programs/Xilinx/Vivado/2019.1/common/technology/xilinx/common/target_info.tcl 
Execute             source E:/programs/Xilinx/Vivado/2019.1/common/technology/xilinx/interface/xilinx_interface.hlp 
Execute               source E:/programs/Xilinx/Vivado/2019.1/common/technology/xilinx/interface/maxi.hlp 
Execute               source E:/programs/Xilinx/Vivado/2019.1/common/technology/xilinx/interface/saxilite.hlp 
Execute             source E:/programs/Xilinx/Vivado/2019.1/common/technology/xilinx/common/dsp48.hlp 
Execute       source E:/programs/Xilinx/Vivado/2019.1/common/technology/xilinx/zynq/zynq_fpv6.gen 
Execute         source E:/programs/Xilinx/Vivado/2019.1/common/technology/xilinx/common/xilinx_fp.gen 
Execute     ap_part_info -name xc7z020-clg400-1 -data info 
Execute     get_default_platform 
Command   set_part done; 0.119 sec.
Execute   create_clock -period 10 -name default 
Execute   csynth_design 
Execute     get_config_compile -dump_cfg 
Execute     get_config_compile -effort 
Execute     get_config_compile -enable_clang39 
Execute     get_config_compile -g 
Execute     get_config_compile -ng 
Execute     get_config_compile -opt_fp 
Execute     get_config_compile -skip_cdt 
Execute     get_config_compile -skip_syncheck 
Execute     get_config_compile -skip_transform 
Execute     get_config_compile -keep_printf 
Execute     elaborate -effort=medium -skip_syncheck=0 -keep_printf=0 -skip_cdt=0 -skip_transform=0 -ng=0 -g=0 -opt_fp=0 -from_csynth_design=1 
Execute       get_config_schedule -relax_ii_for_timing 
INFO: [SCHED 204-61] Option 'relax_ii_for_timing' is enabled, will increase II to preserve clock frequency constraints.
Execute       get_config_schedule -suppress_dependence_error_break 
INFO: [HLS 200-10] Analyzing design file 'BN/bn.cpp' ... 
INFO-FLOW: Compiling one TU...
Execute       is_m_axi_addr64 
INFO-FLOW: Handling BN/bn.cpp as C++
Execute       ap_part_info -name xc7z020-clg400-1 -data info 
Execute       is_encrypted BN/bn.cpp 
Execute       ap_part_info -name xc7z020-clg400-1 -data info 
INFO-FLOW: Running: GCC PP
INFO-FLOW: Source preprocessing
Execute       clang  -fno-limit-debug-info -gcc-toolchain "E:/programs/Xilinx/Vivado/2019.1/msys" -hls  -fno-exceptions  -D__llvm__  -E "BN/bn.cpp"     -fno-math-errno -c -emit-llvm -O0  -mllvm -disable-llvm-optzns -fno-threadsafe-statics  -fno-use-cxa-atexit  -fno-threadsafe-statics -fno-use-cxa-atexit -D__CLANG_3_1__ -D__cdecl= -DAESL_SYN -D__SYNTHESIS__ -D__HLS_SYN__ -I "E:/programs/Xilinx/Vivado/2019.1/common/technology/autopilot" -I "E:/programs/Xilinx/Vivado/2019.1/common/technology/autopilot/ap_sysc" -include etc/autopilot_ssdm_op.h -D__DSP48E1__  -o "D:/HLS_FPGA/BN/HLS/BN/solution5/.autopilot/db/bn.pp.0.cpp" 
INFO-FLOW: exec E:/programs/Xilinx/Vivado/2019.1/win64/tools/clang/bin/clang -fno-limit-debug-info -gcc-toolchain E:/programs/Xilinx/Vivado/2019.1/msys -hls -fno-exceptions -D__llvm__ -E BN/bn.cpp -fno-math-errno -c -emit-llvm -O0 -mllvm -disable-llvm-optzns -fno-threadsafe-statics -fno-use-cxa-atexit -fno-threadsafe-statics -fno-use-cxa-atexit -D__CLANG_3_1__ -D__cdecl= -DAESL_SYN -D__SYNTHESIS__ -D__HLS_SYN__ -I E:/programs/Xilinx/Vivado/2019.1/common/technology/autopilot -I E:/programs/Xilinx/Vivado/2019.1/common/technology/autopilot/ap_sysc -include etc/autopilot_ssdm_op.h -D__DSP48E1__ -o D:/HLS_FPGA/BN/HLS/BN/solution5/.autopilot/db/bn.pp.0.cpp
Command       clang done; 1.354 sec.
Execute       tidy_31 xilinx-xfmat-array-geometry D:/HLS_FPGA/BN/HLS/BN/solution5/.autopilot/db/bn.pp.0.cpp std=gnu++98 
INFO-FLOW: exec E:/programs/Xilinx/Vivado/2019.1/win64/tools/clang-3.9-csynth/bin/tidy-3.1 -header-filter=.* -checks=-*,xilinx-xfmat-array-geometry -quiet -fix D:/HLS_FPGA/BN/HLS/BN/solution5/.autopilot/db/bn.pp.0.cpp -- -std=gnu++98 -fhls -ferror-limit=0
Command       tidy_31 done; 3.249 sec.
INFO-FLOW: Syntax Checking before pre-processing...
Execute       clang -syntaxcheck -src D:/HLS_FPGA/BN/HLS/BN/solution5/.autopilot/db/bn.pp.0.cpp  -fno-limit-debug-info -gcc-toolchain "E:/programs/Xilinx/Vivado/2019.1/msys" -hls    -fno-math-errno -c -emit-llvm -O0  -mllvm -disable-llvm-optzns -fno-threadsafe-statics  -fno-use-cxa-atexit  -fno-threadsafe-statics -fno-use-cxa-atexit -D__CLANG_3_1__ -D__cdecl= -DAESL_SYN -D__SYNTHESIS__ -D__HLS_SYN__ -I "E:/programs/Xilinx/Vivado/2019.1/common/technology/autopilot" -I "E:/programs/Xilinx/Vivado/2019.1/common/technology/autopilot/ap_sysc" -include etc/autopilot_ssdm_op.h -D__DSP48E1__  "D:/HLS_FPGA/BN/HLS/BN/solution5/.autopilot/db/bn.pp.0.cpp"  -o "D:/HLS_FPGA/BN/HLS/BN/solution5/.autopilot/db/useless.bc"  
INFO-FLOW: exec E:/programs/Xilinx/Vivado/2019.1/win64/tools/clang/bin/clang -fno-limit-debug-info -gcc-toolchain E:/programs/Xilinx/Vivado/2019.1/msys -hls -fno-math-errno -c -emit-llvm -O0 -mllvm -disable-llvm-optzns -fno-threadsafe-statics -fno-use-cxa-atexit -fno-threadsafe-statics -fno-use-cxa-atexit -D__CLANG_3_1__ -D__cdecl= -DAESL_SYN -D__SYNTHESIS__ -D__HLS_SYN__ -I E:/programs/Xilinx/Vivado/2019.1/common/technology/autopilot -I E:/programs/Xilinx/Vivado/2019.1/common/technology/autopilot/ap_sysc -include etc/autopilot_ssdm_op.h -D__DSP48E1__ D:/HLS_FPGA/BN/HLS/BN/solution5/.autopilot/db/bn.pp.0.cpp -o D:/HLS_FPGA/BN/HLS/BN/solution5/.autopilot/db/useless.bc
Command       clang done; 3.635 sec.
INFO-FLOW: Done: GCC PP time: 8.2 seconds per iteration
Execute       source E:/programs/Xilinx/Vivado/2019.1/tps/tcl/tcllib1.11.1/yaml/huddle.tcl 
Execute       source E:/programs/Xilinx/Vivado/2019.1/tps/tcl/tcllib1.11.1/yaml/json2huddle.tcl 
Execute         source E:/programs/Xilinx/Vivado/2019.1/tps/tcl/tcllib1.11.1/try/try.tcl 
Execute       list_core -type functional_unit 
Execute       tidy_31 xilinx-systemc-detector D:/HLS_FPGA/BN/HLS/BN/solution5/.autopilot/db/bn.pp.0.cpp std=gnu++98 -directive=D:/HLS_FPGA/BN/HLS/BN/solution5/.autopilot/db/.systemc_flag 
INFO-FLOW: exec E:/programs/Xilinx/Vivado/2019.1/win64/tools/clang-3.9-csynth/bin/tidy-3.1 -header-filter=.* -checks=-*,xilinx-systemc-detector -import-directive=D:/HLS_FPGA/BN/HLS/BN/solution5/.autopilot/db/.systemc_flag -quiet -fix-errors D:/HLS_FPGA/BN/HLS/BN/solution5/.autopilot/db/bn.pp.0.cpp -- -std=gnu++98 -fhls -ferror-limit=0
Command       tidy_31 done; 3.078 sec.
INFO-FLOW: Running: tidy-3.1 CDT preprocess
Execute       tidy_31 xilinx-directive2pragma D:/HLS_FPGA/BN/HLS/BN/solution5/.autopilot/db/bn.pp.0.cpp std=gnu++98 -directive=D:/HLS_FPGA/BN/HLS/BN/solution5/.autopilot/db/all.directive.json 
INFO-FLOW: exec E:/programs/Xilinx/Vivado/2019.1/win64/tools/clang-3.9-csynth/bin/tidy-3.1 -header-filter=.* -checks=-*,xilinx-directive2pragma -import-directive=D:/HLS_FPGA/BN/HLS/BN/solution5/.autopilot/db/all.directive.json -quiet -fix-errors D:/HLS_FPGA/BN/HLS/BN/solution5/.autopilot/db/bn.pp.0.cpp -- -std=gnu++98 -fhls -ferror-limit=0
Command       tidy_31 done; 2.943 sec.
Execute       get_config_dataflow -strict_mode 
Execute       ap_eval exec -ignorestderr E:/programs/Xilinx/Vivado/2019.1/win64/tools/clang-3.9-csynth/bin/xilinx-dataflow-lawyer -export-fixes=D:/HLS_FPGA/BN/HLS/BN/solution5/.autopilot/db/xilinx-dataflow-lawyer.bn.pp.0.cpp.diag.yml D:/HLS_FPGA/BN/HLS/BN/solution5/.autopilot/db/bn.pp.0.cpp -- -std=gnu++98 -fhls -ferror-limit=0 -fstrict-dataflow > D:/HLS_FPGA/BN/HLS/BN/solution5/.autopilot/db/xilinx-dataflow-lawyer.bn.pp.0.cpp.out.log 2> D:/HLS_FPGA/BN/HLS/BN/solution5/.autopilot/db/xilinx-dataflow-lawyer.bn.pp.0.cpp.err.log 
Command       ap_eval done; 1.679 sec.
Execute       tidy_31 -errorcheck xilinx-constantarray-param,xilinx-resource-pragma-transformer,xilinx-xfmat-array-geometry D:/HLS_FPGA/BN/HLS/BN/solution5/.autopilot/db/bn.pp.0.cpp std=gnu++98 
Execute         ap_eval exec -ignorestderr E:/programs/Xilinx/Vivado/2019.1/win64/tools/clang-3.9-csynth/bin/tidy-3.1 -export-fixes=D:/HLS_FPGA/BN/HLS/BN/solution5/.autopilot/db/tidy-3.1.bn.pp.0.cpp.diag.yml -header-filter=.* -checks=-*,xilinx-constantarray-param,xilinx-resource-pragma-transformer,xilinx-xfmat-array-geometry -quiet -fix-errors D:/HLS_FPGA/BN/HLS/BN/solution5/.autopilot/db/bn.pp.0.cpp -- -std=gnu++98 -fhls -ferror-limit=0 > D:/HLS_FPGA/BN/HLS/BN/solution5/.autopilot/db/tidy-3.1.bn.pp.0.cpp.out.log 2> D:/HLS_FPGA/BN/HLS/BN/solution5/.autopilot/db/tidy-3.1.bn.pp.0.cpp.err.log 
Command         ap_eval done; 3.828 sec.
Execute         source E:/programs/Xilinx/Vivado/2019.1/tps/tcl/tcllib1.11.1/yaml/yaml.tcl 
Execute           source E:/programs/Xilinx/Vivado/2019.1/tps/tcl/tcllib1.11.1/cmdline/cmdline.tcl 
Execute         ap_eval exec -ignorestderr E:/programs/Xilinx/Vivado/2019.1/win64/tools/clang-3.9-csynth/bin/xilinx-legacy-rewriter D:/HLS_FPGA/BN/HLS/BN/solution5/.autopilot/db/bn.pp.0.cpp -- -std=gnu++98 -fhls -ferror-limit=0 > D:/HLS_FPGA/BN/HLS/BN/solution5/.autopilot/db/xilinx-legacy-rewriter.bn.pp.0.cpp.out.log 2> D:/HLS_FPGA/BN/HLS/BN/solution5/.autopilot/db/xilinx-legacy-rewriter.bn.pp.0.cpp.err.log 
Command         ap_eval done; 1.638 sec.
Command       tidy_31 done; 5.498 sec.
INFO-FLOW: Done: tidy-3.1 CDT preprocess time: 10.1 seconds per iteration
INFO-FLOW: Pragma Handling...
Execute       tidy_31 xilinx-ssdm-intrinsics-arguments D:/HLS_FPGA/BN/HLS/BN/solution5/.autopilot/db/bn.pragma.1.cpp std=gnu++98 
INFO-FLOW: exec E:/programs/Xilinx/Vivado/2019.1/win64/tools/clang-3.9-csynth/bin/tidy-3.1 -header-filter=.* -checks=-*,xilinx-ssdm-intrinsics-arguments -quiet -fix-errors D:/HLS_FPGA/BN/HLS/BN/solution5/.autopilot/db/bn.pragma.1.cpp -- -std=gnu++98 -fhls -ferror-limit=0
Command       tidy_31 done; 3.965 sec.
Execute       ap_part_info -name xc7z020-clg400-1 -data info 
INFO-FLOW: Processing labels
Execute       clang -src D:/HLS_FPGA/BN/HLS/BN/solution5/.autopilot/db/bn.pragma.2.cpp  -fno-limit-debug-info -gcc-toolchain E:/programs/Xilinx/Vivado/2019.1/msys -hls -hls-analyze-label -hls-analyze-pragma -fno-exceptions  -D__llvm__  -w  "D:/HLS_FPGA/BN/HLS/BN/solution5/.autopilot/db/bn.pragma.2.cpp"    -fno-math-errno -c -emit-llvm -O0  -mllvm -disable-llvm-optzns -fno-threadsafe-statics  -fno-use-cxa-atexit -DAESL_SYN -D__SYNTHESIS__ -D__HLS_SYN__ -I "E:/programs/Xilinx/Vivado/2019.1/common/technology/autopilot" -I "E:/programs/Xilinx/Vivado/2019.1/common/technology/autopilot/ap_sysc" -include etc/autopilot_ssdm_op.h -D__DSP48E1__ -g -o "D:/HLS_FPGA/BN/HLS/BN/solution5/.autopilot/db/bn.bc" 
INFO-FLOW: exec E:/programs/Xilinx/Vivado/2019.1/win64/tools/clang/bin/clang -fno-limit-debug-info -gcc-toolchain E:/programs/Xilinx/Vivado/2019.1/msys -hls -hls-analyze-label -hls-analyze-pragma -fno-exceptions -D__llvm__ -w D:/HLS_FPGA/BN/HLS/BN/solution5/.autopilot/db/bn.pragma.2.cpp -fno-math-errno -c -emit-llvm -O0 -mllvm -disable-llvm-optzns -fno-threadsafe-statics -fno-use-cxa-atexit -DAESL_SYN -D__SYNTHESIS__ -D__HLS_SYN__ -I E:/programs/Xilinx/Vivado/2019.1/common/technology/autopilot -I E:/programs/Xilinx/Vivado/2019.1/common/technology/autopilot/ap_sysc -include etc/autopilot_ssdm_op.h -D__DSP48E1__ -g -o D:/HLS_FPGA/BN/HLS/BN/solution5/.autopilot/db/bn.bc
Command       clang done; 3.898 sec.
INFO-FLOW: Linking Debug ...
Execute       llvm-ld D:/HLS_FPGA/BN/HLS/BN/solution5/.autopilot/db/bn.g.bc -hls-opt -except-internalize bn -LE:/programs/Xilinx/Vivado/2019.1/win64/lib -lhlsm -lhlsmc++ -o D:/HLS_FPGA/BN/HLS/BN/solution5/.autopilot/db/a.g 
Command       llvm-ld done; 1.977 sec.
INFO: [HLS 200-111] Finished Linking Time (s): cpu = 00:00:01 ; elapsed = 00:00:34 . Memory (MB): peak = 184.551 ; gain = 92.988
INFO: [HLS 200-111] Finished Checking Pragmas Time (s): cpu = 00:00:01 ; elapsed = 00:00:34 . Memory (MB): peak = 184.551 ; gain = 92.988
Execute       get_config_sdx -target 
Execute       opt_and_import_c a -opt_level=2 -skip_syncheck=0 -ng=0 -keep_printf=0 
Execute         cleanup_all_models 
INFO: [HLS 200-10] Starting code transformations ...
Execute         transform -promote-dbg-pointer D:/HLS_FPGA/BN/HLS/BN/solution5/.autopilot/db/a.pp.bc -o D:/HLS_FPGA/BN/HLS/BN/solution5/.autopilot/db/a.pp.0.bc -f 
Command         transform done; 0.24 sec.
Execute         llvm-ld D:/HLS_FPGA/BN/HLS/BN/solution5/.autopilot/db/a.pp.0.bc -disable-opt -LE:/programs/Xilinx/Vivado/2019.1/win64/lib -lfloatconversion -o D:/HLS_FPGA/BN/HLS/BN/solution5/.autopilot/db/a.g.0 
Command         llvm-ld done; 1.079 sec.
INFO-FLOW: Running Standard Transforms...
Execute         transform -hls -share-std-xform -demangle-name -inline-byval-memcpy -always-inline -promote-dbg-pointer -interface-preproc -mem2reg -scalarrepl -mem2reg -keep-read-access -instcombine -dce -promote-dbg-pointer -bitop-raise -loop-simplify -indvarspre -indvars -loop-simplify -xunroll -constprop -instcombine -simplifycfg -indvars -simplifycfg -dce -globaldce -basicaa -simplifycfg -mem2reg -globalopt -global-constprop -deadargelim -instcombine -simplifycfg -prune-eh -simplifycfg -scalarrepl -instcombine -reassociate -licm -simplifycfg -loop-simplify -indvars -instcombine -simplifycfg -mem2reg -loop-simplify -indvars -instcombine -gvn -gvn -instcombine -adce -break-crit-edges -simplifycfg -loop-delete -global-array-opt -dce -dse -adce -find-syn-modules -top bn -deadargelim -mem2reg -instcombine -dce -presyn-prepare -auto-rom-infer -interface-preproc -syn-check -check-rec-only -find-region -simplifycfg -func-extr -function-inline -globaldce -mem2reg -instcombine -dce -gvn -globaldce -adce -adse -constprop -instcombine -bit-constprop -instcombine -dce -simplifycfg -bitop-raise -simplifycfg -dce -loop-delete -reassociate -globalopt -global-privatize -mem2reg -dce -global-constprop -pointer-simplify -constprop -dce -func-inst -deadargelim -auto-shift-reg-idiom -promote-dbg-pointer -norm-name D:/HLS_FPGA/BN/HLS/BN/solution5/.autopilot/db/a.g.0.bc -o D:/HLS_FPGA/BN/HLS/BN/solution5/.autopilot/db/a.g.1.bc -f -phase std-opt 
Command         transform done; 0.422 sec.
INFO: [HLS 200-111] Finished Standard Transforms Time (s): cpu = 00:00:02 ; elapsed = 00:00:35 . Memory (MB): peak = 214.430 ; gain = 122.867
INFO: [HLS 200-10] Checking synthesizability ...
INFO-FLOW: Checking Synthesizability 1/2..
Execute         transform -hls -syn-check -check-rec-only -disaggr -scalarrepl -norm-name -dce -mem2reg -instcombine -function-uniquify -directive-preproc -mem2reg -dse -dce -auto-rom-infer -dce -pag -array-normalize -instcombine -dce -warn-fifo-pointer -array-seg-normalize -instcombine -dce -array-flatten -instcombine -dce -array-burst -dce -deadargelim -promote-global-argument -simplifycfg -mem2reg -globaldce -dce -deadargelim -dce -instcombine -function-inline -globaldce -dce -doublePtrSimplify -doublePtrElim -dce -doublePtrSimplify -promote-dbg-pointer -dce -scalarrepl -dse -adse -instcombine -ptrLegalization -simplifycfg -dce -instcombine -pointer-simplify -ptrArgReplace -dce -instcombine -resolve-double-ptr -disaggr -scalarrepl -norm-name -dce -mem2reg -instcombine -ptrLegalization -simplifycfg -deadargelim -instcombine -dce -inst-simplify -function-uniquify -directive-preproc -mem2reg -dse -dce -globaldce -check-dspbuiltin D:/HLS_FPGA/BN/HLS/BN/solution5/.autopilot/db/a.g.1.bc -o D:/HLS_FPGA/BN/HLS/BN/solution5/.autopilot/db/a.g.2.prechk.bc -f 
INFO: [XFORM 203-602] Inlining function 'hls::sqrt<16, 6>' into 'sqrt_fixed' (BN/bn.cpp:310) automatically.
INFO: [XFORM 203-602] Inlining function 'sqrt_fixed' into 'bn' (BN/bn.cpp:338) automatically.
Command         transform done; 0.28 sec.
INFO-FLOW: Checking Synthesizability 2/2..
Execute         transform -syn-check D:/HLS_FPGA/BN/HLS/BN/solution5/.autopilot/db/a.g.2.prechk.bc -o D:/HLS_FPGA/BN/HLS/BN/solution5/.autopilot/db/a.g.2.bc -f -phase syn-check 
WARNING: [SYNCHK 200-23] E:/programs/Xilinx/Vivado/2019.1/common/technology/autopilot/hls_sqrt_apfixed.h:272: variable-indexed range selection may cause suboptimal QoR.
INFO: [SYNCHK 200-10] 0 error(s), 1 warning(s).
Command         transform done; 0.224 sec.
INFO: [HLS 200-111] Finished Checking Synthesizability Time (s): cpu = 00:00:02 ; elapsed = 00:00:36 . Memory (MB): peak = 260.215 ; gain = 168.652
INFO-FLOW: Compiler optimizing ...
INFO-FLOW: Share syncheck's 1.bc for syn flow: copy D:/HLS_FPGA/BN/HLS/BN/solution5/.autopilot/db/a.g.1.bc to D:/HLS_FPGA/BN/HLS/BN/solution5/.autopilot/db/a.o.1.bc
INFO-FLOW: Presyn 1...
Execute         transform -hls -tmp D:/HLS_FPGA/BN/HLS/BN/solution5/.autopilot/db -interface-port-rename -type-info -function-uniquify -directive-preproc -mem2reg -dse -dce -disaggr -scalarrepl -norm-name -deadargelim -mem2reg -instcombine -dce -simplifycfg -auto-rom-infer -dce -function-uniquify -resource-proc -clib-intrinsic-prepare -dce -func-buffer -dce -pag -array-normalize -func-legal -instcombine -gvn -constprop -dce -simplifycfg -mem2reg -globaldce -resolve-double-ptr -dce -deadargelim -dce -instcombine -ptrArgReplace -mem2reg -dce -array-seg-normalize -deadargelim -instcombine -dce -pointer-simplify -dce -port-alignment -dce -interface-preproc -data-pack -instcombine -dce -basicaa -aggr-aa -aggrmodref-aa -aggr-aa -gvn -gvn -basicaa -aggr-aa -aggrmodref-aa -aggr-aa -dse -adse -adce -loop-simplify -indvars -instcombine -gvn -loop-simplify -mem2reg -dce -find-region -instcombine -auto-loop-pipeline -inst-simplify -interface-preproc -cfgopt -instcombine -indvars -auto-loop-unroll -loop-simplify -loop-bound -xunroll -constprop -instcombine -simplifycfg -indvars -simplifycfg -dce -globaldce -clean-region -attach-range -gvn -inst-simplify -constprop -simplifycfg -dce -pointer-simplify -dce -globalopt -constprop -dce -array-promote -constprop -dce -ptrArgReplace -mem2reg -simplifycfg -dce -auto-par -instcombine -dce -array-transform-check -array-reshape -instcombine -simplifycfg -dce -ptrArgReplace -deadargelim -mem2reg -instcombine -simplifycfg -dce -indvars -loop-simplify -loop-bound -xunroll -constprop -instcombine -simplifycfg -indvars -simplifycfg -dce -globaldce -basicaa -aggr-aa -aggrmodref-aa -aggr-aa -dse -duplicate-dataflow-processes -globaldce -instcombine -array-partition -instcombine -simplifycfg -dce -ptrArgReplace -global-constprop -deadargelim -mem2reg -func-legal -dce -global-constprop -deadargelim -mem2reg -simplifycfg -dce -merge-param -deadargelim -globalopt -constprop -dce -array-promote -constprop -dce -ptrArgReplace -mem2reg -simplifycfg -dce -mem-intrinsic-preproc -dce -global-internalize -global-privatize -mem2reg -globaldce -promote-global-argument -ptrArgReplace -mem2reg -dce -globalopt -mergereturn -simplify-global-access -mem2reg -dce -pointer-simplify -dce -functionattrs -basicaa -aggr-aa -aggrmodref-aa -aggr-aa -gvn -gvn -basicaa -aggr-aa -aggrmodref-aa -aggr-aa -dse -adse -adce -dce -norm-name -function-inline -complex-op-raise -inst-simplify -globaldce -func-inst -constprop -instcombine -simplifycfg -dce -func-legal -dce -loop-bound -arraycheck -bitwidthmin -on-by-dataflow -loop-delete -instcombine -simplifycfg -globaldce -dce -gvn -deadargelim -dce -loop-simplify -clean-region -simplifycfg -propagate-stable-arguments -loop-stream -instcombine -simplifycfg -dce -globaldce -duplicate-dataflow-processes -stream-intrinsic-preproc -dce -check-ap-stream -loop-simplify -eliminate-keepreads -extract-dataflow-in-loop -loop-simplify -dce -gvn -deadargelim -dse -check-dataflow-syntax -legalize-stream-variable -legalize-global -extract-subproc -dce -dead-channel-elimination -canonicalize-gep -globaldce -dce -gvn -deadargelim -annotate-dataflow-channels -scalar-propagation -deadargelim -globaldce -mem2reg -check-dataflow-channels -function-stream -dce -globaldce -prop-fifo-spec -internal-stream-gen -canonicalize-gep -globaldce -dce -gvn -deadargelim -mergereturn -indvars -loop-simplify -instcombine -array-stream -array-seg-normalize -array-partition -func-legal -instcombine -simplifycfg -dce -bundle-memfifo-ops -deadargelim -function-uniquify -directive-preproc -mem2reg -dse -dce -group-axi-access -licm -simplifycfg -dce -loop-delete -norm-name D:/HLS_FPGA/BN/HLS/BN/solution5/.autopilot/db/a.o.1.bc -o D:/HLS_FPGA/BN/HLS/BN/solution5/.autopilot/db/a.o.1.tmp.bc -f 
INFO: [XFORM 203-502] Unrolling all loops for pipelining in function 'sqrt_fixed<16, 6>' (E:/programs/Xilinx/Vivado/2019.1/common/technology/autopilot/hls_sqrt_apfixed.h:44:36).
INFO: [HLS 200-489] Unrolling loop 'Loop-1' (E:/programs/Xilinx/Vivado/2019.1/common/technology/autopilot/hls_sqrt_apfixed.h:267) in function 'sqrt_fixed<16, 6>' completely with a factor of 3.
INFO: [HLS 200-489] Unrolling loop 'Loop-2' (E:/programs/Xilinx/Vivado/2019.1/common/technology/autopilot/hls_sqrt_apfixed.h:295) in function 'sqrt_fixed<16, 6>' completely with a factor of 11.
INFO: [XFORM 203-602] Inlining function 'hls::sqrt<16, 6>' into 'sqrt_fixed' (BN/bn.cpp:310) automatically.
INFO: [XFORM 203-602] Inlining function 'sqrt_fixed' into 'bn' (BN/bn.cpp:338) automatically.
Command         transform done; 0.638 sec.
INFO-FLOW: Presyn 2...
Execute         transform -hls -keep-callgraph -scalarrepl -mem2reg -port-alignment -attach-range -dce -pipe-mux-gen -indvars -loop-bound -inst-simplify -instcombine -dce -merge-array-access -mem2reg -dce -clean-region -mergereturn -if-conv -instcombine -dce -constprop -basicaa -aggr-aa -aggrmodref-aa -aggr-aa -gvn -gvn -basicaa -aggr-aa -aggrmodref-aa -aggr-aa -dse -adse -adce -scalarrepl -mem2reg -global-constprop -deadargelim -deadargelim -instcombine -dce -simplifycfg -ptrArgReplace -mem2reg -function-inline -globaldce -mem2reg -instcombine -dce -expr-balance -instcombine -dce -bitwidthmin -interface-preproc -directive-preproc -inst-rectify -instcombine -dce -functionattrs -constprop -instcombine -bit-constprop -simplify-global-access -globalopt -globaldce -inst-simplify -instcombine -elimdeaddata -dce -loop-delete -simplifycfg -loop-simplify -auto-burst -norm-name D:/HLS_FPGA/BN/HLS/BN/solution5/.autopilot/db/a.o.1.tmp.bc -o D:/HLS_FPGA/BN/HLS/BN/solution5/.autopilot/db/a.o.2.bc -f -phase presyn 
INFO: [XFORM 203-401] Performing if-conversion on hyperblock from (E:/programs/Xilinx/Vivado/2019.1/common/technology/autopilot/hls_sqrt_apfixed.h:44:1) to (E:/programs/Xilinx/Vivado/2019.1/common/technology/autopilot/hls_sqrt_apfixed.h:372:1) in function 'sqrt_fixed<16, 6>'... converting 80 basic blocks.
INFO: [XFORM 203-401] Performing if-conversion on hyperblock from (BN/bn.cpp:330:40) to (BN/bn.cpp:330:35) in function 'bn'... converting 15 basic blocks.
Command         transform done; 0.539 sec.
INFO: [HLS 200-111] Finished Pre-synthesis Time (s): cpu = 00:00:04 ; elapsed = 00:00:37 . Memory (MB): peak = 327.633 ; gain = 236.070
INFO-FLOW: Building ssdm...
Execute         transform -hls -function-uniquify -auto-function-inline -globaldce -ptrArgReplace -mem2reg -dce -reset-lda -loop-simplify -indvars -licm -loop-dep -loop-bound -licm -loop-simplify -flattenloopnest -array-flatten -gvn -instcombine -dce -array-map -dce -func-legal -gvn -adce -instcombine -cfgopt -simplifycfg -loop-simplify -array-burst -promote-global-argument -dce -ptrLegalization -axi4-lower -array-seg-normalize -basicaa -aggrmodref-aa -globalsmodref-aa -aggr-aa -gvn -gvn -basicaa -aggrmodref-aa -globalsmodref-aa -aggr-aa -dse -adse -adce -licm -inst-simplify -dce -globaldce -instcombine -array-stream -eliminate-keepreads -instcombine -dce -deadargelim -doublePtrSimplify -doublePtrElim -dce -doublePtrSimplify -promote-dbg-pointer -dce -scalarrepl -mem2reg -disaggr -norm-name -mem2reg -instcombine -dse -adse -adce -ptrLegalization -dce -auto-rom-infer -array-flatten -dce -instcombine -check-doubleptr -loop-rot -constprop -cfgopt -simplifycfg -loop-simplify -indvars -pointer-simplify -dce -loop-bound -loop-simplify -loop-preproc -constprop -global-constprop -gvn -mem2reg -instcombine -dce -loop-bound -loop-merge -dce -bitwidthmin -deadargelim -dce -canonicalize-dataflow -dce -scalar-propagation -deadargelim -globaldce -mem2reg -read-loop-dep -interface-preproc -directive-preproc -interface-gen -bram-byte-enable -deadargelim -inst-simplify -dce -gvn -mem2reg -instcombine -dce -adse -loop-bound -instcombine -cfgopt -simplifycfg -loop-simplify -clean-region -io-protocol -find-region -mem2reg -bitop-raise -complex-op-raise -inst-simplify -inst-rectify -instcombine -adce -deadargelim -loop-simplify -phi-opt -bitop-raise -cfgopt -simplifycfg -strip-dead-prototypes -interface-lower -bitop-lower -intrinsic-lower -auto-function-inline -basicaa -aggrmodref-aa -globalsmodref-aa -aggr-aa -inst-simplify -simplifycfg -loop-simplify -mergereturn -inst-simplify -inst-rectify -dce -load-elim -bitop-lower -loop-rewind -pointer-simplify -dce -cfgopt -dce -loop-bound -loop-dep -read-loop-dep -dce -check-stream -norm-name -legalize -validate-dataflow -inst-clarity -bitwidth -dump-loop-dep-to-ir -check-all-ssdm -cdfg-build D:/HLS_FPGA/BN/HLS/BN/solution5/.autopilot/db/a.o.2.bc -o D:/HLS_FPGA/BN/HLS/BN/solution5/.autopilot/db/a.o.3.bc -f -phase build-ssdm 
INFO: [HLS 200-444] Inferring multiple bus burst read of a total cumulative length 128 on port 'BETA' (BN/bn.cpp:333:22). These data requests might be further partitioned to multiple requests during RTL generation, based on max_read_burst_length or max_write_burst_length settings.
INFO: [HLS 200-444] Inferring multiple bus burst read of a total cumulative length 128 on port 'GAMMA' (BN/bn.cpp:334:23). These data requests might be further partitioned to multiple requests during RTL generation, based on max_read_burst_length or max_write_burst_length settings.
INFO: [HLS 200-444] Inferring multiple bus burst read of a total cumulative length 128 on port 'IN' (BN/bn.cpp:332:19). These data requests might be further partitioned to multiple requests during RTL generation, based on max_read_burst_length or max_write_burst_length settings.
INFO: [HLS 200-444] Inferring multiple bus burst read of a total cumulative length 128 on port 'M_M' (BN/bn.cpp:335:29). These data requests might be further partitioned to multiple requests during RTL generation, based on max_read_burst_length or max_write_burst_length settings.
INFO: [HLS 200-444] Inferring multiple bus burst read of a total cumulative length 128 on port 'M_V' (BN/bn.cpp:336:33). These data requests might be further partitioned to multiple requests during RTL generation, based on max_read_burst_length or max_write_burst_length settings.
INFO: [HLS 200-444] Inferring multiple bus burst write of a total cumulative length 128 on port 'OUT' (BN/bn.cpp:341:28). These data requests might be further partitioned to multiple requests during RTL generation, based on max_read_burst_length or max_write_burst_length settings.
Command         transform done; 0.758 sec.
INFO: [HLS 200-111] Finished Architecture Synthesis Time (s): cpu = 00:00:04 ; elapsed = 00:00:38 . Memory (MB): peak = 342.469 ; gain = 250.906
INFO-FLOW: Finish building internal data model.
Command       opt_and_import_c done; 4.207 sec.
Command     elaborate done; 35.842 sec.
Execute     autosyn -from_csynth_design=1 
INFO: [HLS 200-10] Starting hardware synthesis ...
INFO-FLOW: Synthesizing C/C++ design ...
INFO: [HLS 200-10] Synthesizing 'bn' ...
Execute       ap_set_top_model bn 
WARNING: [SYN 201-103] Legalizing function name 'sqrt_fixed<16, 6>' to 'sqrt_fixed_16_6_s'.
Execute       get_model_list bn -filter all-wo-channel -topdown 
Execute       preproc_iomode -model bn 
Execute       preproc_iomode -model sqrt_fixed<16, 6> 
Execute       get_model_list bn -filter all-wo-channel 
INFO-FLOW: Model list for configure: {sqrt_fixed<16, 6>} bn
INFO-FLOW: Configuring Module : sqrt_fixed<16, 6> ...
Execute       set_default_model sqrt_fixed<16, 6> 
Execute       apply_spec_resource_limit sqrt_fixed<16, 6> 
INFO-FLOW: Configuring Module : bn ...
Execute       set_default_model bn 
Execute       apply_spec_resource_limit bn 
INFO-FLOW: Model list for preprocess: {sqrt_fixed<16, 6>} bn
INFO-FLOW: Preprocessing Module: sqrt_fixed<16, 6> ...
Execute       set_default_model sqrt_fixed<16, 6> 
Execute       cdfg_preprocess -model sqrt_fixed<16, 6> 
Execute       rtl_gen_preprocess sqrt_fixed<16, 6> 
INFO-FLOW: Preprocessing Module: bn ...
Execute       set_default_model bn 
Execute       cdfg_preprocess -model bn 
Execute       rtl_gen_preprocess bn 
WARNING: [SYN 201-107] Renaming port name 'bn/IN' to 'bn/IN_r' to avoid the conflict with HDL keywords or other object names.
WARNING: [SYN 201-107] Renaming port name 'bn/OUT' to 'bn/OUT_r' to avoid the conflict with HDL keywords or other object names.
INFO-FLOW: Model list for synthesis: {sqrt_fixed<16, 6>} bn
INFO: [HLS 200-10] ----------------------------------------------------------------
INFO: [HLS 200-42] -- Implementing module 'sqrt_fixed_16_6_s' 
INFO: [HLS 200-10] ----------------------------------------------------------------
Execute       set_default_model sqrt_fixed<16, 6> 
Execute       schedule -model sqrt_fixed<16, 6> 
INFO: [SCHED 204-11] Starting scheduling ...
INFO: [SCHED 204-61] Pipelining function 'sqrt_fixed<16, 6>'.
INFO: [SCHED 204-61] Pipelining result : Target II = 1, Final II = 1, Depth = 8.
INFO: [SCHED 204-11] Finished scheduling.
Command       schedule done; 0.292 sec.
INFO: [HLS 200-111]  Elapsed time: 38.157 seconds; current allocated memory: 282.195 MB.
Execute       syn_report -verbosereport -o D:/HLS_FPGA/BN/HLS/BN/solution5/.autopilot/db/sqrt_fixed_16_6_s.verbose.sched.rpt 
Execute       db_write -o D:/HLS_FPGA/BN/HLS/BN/solution5/.autopilot/db/sqrt_fixed_16_6_s.sched.adb -f 
INFO-FLOW: Finish scheduling sqrt_fixed<16, 6>.
Execute       set_default_model sqrt_fixed<16, 6> 
Execute       bind -model sqrt_fixed<16, 6> 
BIND OPTION: model=sqrt_fixed<16, 6>
INFO: [BIND 205-100] Starting micro-architecture generation ...
INFO: [BIND 205-101] Performing variable lifetime analysis.
INFO: [BIND 205-101] Exploring resource sharing.
INFO: [BIND 205-101] Binding ...
INFO: [BIND 205-100] Finished micro-architecture generation.
INFO: [HLS 200-111]  Elapsed time: 0.237 seconds; current allocated memory: 283.318 MB.
Execute       syn_report -verbosereport -o D:/HLS_FPGA/BN/HLS/BN/solution5/.autopilot/db/sqrt_fixed_16_6_s.verbose.bind.rpt 
Command       syn_report done; 0.248 sec.
Execute       db_write -o D:/HLS_FPGA/BN/HLS/BN/solution5/.autopilot/db/sqrt_fixed_16_6_s.bind.adb -f 
INFO-FLOW: Finish binding sqrt_fixed<16, 6>.
INFO: [HLS 200-10] ----------------------------------------------------------------
INFO: [HLS 200-42] -- Implementing module 'bn' 
INFO: [HLS 200-10] ----------------------------------------------------------------
Execute       set_default_model bn 
Execute       schedule -model bn 
INFO: [SCHED 204-11] Starting scheduling ...
INFO: [SCHED 204-61] Pipelining loop 'Loop 1'.
INFO: [SCHED 204-61] Pipelining result : Target II = 1, Final II = 1, Depth = 45.
INFO: [SCHED 204-11] Finished scheduling.
INFO: [HLS 200-111]  Elapsed time: 0.427 seconds; current allocated memory: 284.124 MB.
Execute       syn_report -verbosereport -o D:/HLS_FPGA/BN/HLS/BN/solution5/.autopilot/db/bn.verbose.sched.rpt 
Execute       db_write -o D:/HLS_FPGA/BN/HLS/BN/solution5/.autopilot/db/bn.sched.adb -f 
INFO-FLOW: Finish scheduling bn.
Execute       set_default_model bn 
Execute       bind -model bn 
BIND OPTION: model=bn
INFO: [BIND 205-100] Starting micro-architecture generation ...
INFO: [BIND 205-101] Performing variable lifetime analysis.
INFO: [BIND 205-101] Exploring resource sharing.
INFO: [BIND 205-101] Binding ...
INFO: [BIND 205-100] Finished micro-architecture generation.
INFO: [HLS 200-111]  Elapsed time: 0.234 seconds; current allocated memory: 284.974 MB.
Execute       syn_report -verbosereport -o D:/HLS_FPGA/BN/HLS/BN/solution5/.autopilot/db/bn.verbose.bind.rpt 
Command       syn_report done; 0.24 sec.
Execute       db_write -o D:/HLS_FPGA/BN/HLS/BN/solution5/.autopilot/db/bn.bind.adb -f 
INFO-FLOW: Finish binding bn.
Execute       get_model_list bn -filter all-wo-channel 
INFO-FLOW: Preprocessing for RTLGen ...
Execute       rtl_gen_preprocess sqrt_fixed<16, 6> 
Execute       rtl_gen_preprocess bn 
INFO-FLOW: Model list for RTL generation: {sqrt_fixed<16, 6>} bn
INFO: [HLS 200-10] ----------------------------------------------------------------
INFO: [HLS 200-10] -- Generating RTL for module 'sqrt_fixed_16_6_s' 
INFO: [HLS 200-10] ----------------------------------------------------------------
Execute       get_config_rtl -module_prefix 
Execute       get_config_rtl -module_auto_prefix 
Execute       create_rtl_model sqrt_fixed<16, 6> -vendor xilinx -mg_file D:/HLS_FPGA/BN/HLS/BN/solution5/.autopilot/db/sqrt_fixed_16_6_s.compgen.tcl 
INFO: [RTGEN 206-100] Finished creating RTL model for 'sqrt_fixed_16_6_s'.
INFO: [HLS 200-111]  Elapsed time: 0.402 seconds; current allocated memory: 287.189 MB.
Execute       source D:/HLS_FPGA/BN/HLS/BN/solution5/.autopilot/db/bn.rtl_wrap.cfg.tcl 
Execute       gen_rtl sqrt_fixed<16, 6> -style xilinx -tracefl mytrace -tracefmt vcd -traceopt all -f -lang sc -o D:/HLS_FPGA/BN/HLS/BN/solution5/syn/systemc/sqrt_fixed_16_6_s -synmodules {sqrt_fixed<16, 6>} bn 
Execute       gen_rtl sqrt_fixed<16, 6> -style xilinx -f -lang vhdl -o D:/HLS_FPGA/BN/HLS/BN/solution5/syn/vhdl/sqrt_fixed_16_6_s 
Execute       gen_rtl sqrt_fixed<16, 6> -style xilinx -f -lang vlog -o D:/HLS_FPGA/BN/HLS/BN/solution5/syn/verilog/sqrt_fixed_16_6_s 
Execute       syn_report -csynth -model sqrt_fixed<16, 6> -o D:/HLS_FPGA/BN/HLS/BN/solution5/syn/report/sqrt_fixed_16_6_s_csynth.rpt 
Command       syn_report done; 0.118 sec.
Execute       syn_report -rtlxml -model sqrt_fixed<16, 6> -o D:/HLS_FPGA/BN/HLS/BN/solution5/syn/report/sqrt_fixed_16_6_s_csynth.xml 
Execute       syn_report -verbosereport -model sqrt_fixed<16, 6> -o D:/HLS_FPGA/BN/HLS/BN/solution5/.autopilot/db/sqrt_fixed_16_6_s.verbose.rpt 
Command       syn_report done; 0.296 sec.
Execute       db_write -model sqrt_fixed<16, 6> -f -o D:/HLS_FPGA/BN/HLS/BN/solution5/.autopilot/db/sqrt_fixed_16_6_s.adb 
Command       db_write done; 0.151 sec.
Execute       gen_tb_info sqrt_fixed<16, 6> -p D:/HLS_FPGA/BN/HLS/BN/solution5/.autopilot/db -o D:/HLS_FPGA/BN/HLS/BN/solution5/.autopilot/db/sqrt_fixed_16_6_s 
INFO: [HLS 200-10] ----------------------------------------------------------------
INFO: [HLS 200-10] -- Generating RTL for module 'bn' 
INFO: [HLS 200-10] ----------------------------------------------------------------
Execute       get_config_rtl -module_prefix 
Execute       get_config_rtl -module_auto_prefix 
Execute       create_rtl_model bn -vendor xilinx -mg_file D:/HLS_FPGA/BN/HLS/BN/solution5/.autopilot/db/bn.compgen.tcl 
INFO: [RTGEN 206-500] Setting interface mode on port 'bn/IN_r' to 'm_axi'.
INFO: [RTGEN 206-500] Setting interface mode on port 'bn/BETA' to 'm_axi'.
INFO: [RTGEN 206-500] Setting interface mode on port 'bn/GAMMA' to 'm_axi'.
INFO: [RTGEN 206-500] Setting interface mode on port 'bn/M_M' to 'm_axi'.
INFO: [RTGEN 206-500] Setting interface mode on port 'bn/M_V' to 'm_axi'.
INFO: [RTGEN 206-500] Setting interface mode on port 'bn/OUT_r' to 'm_axi'.
INFO: [RTGEN 206-500] Setting interface mode on port 'bn/in_V' to 's_axilite & ap_none'.
INFO: [RTGEN 206-500] Setting interface mode on port 'bn/beta_V' to 's_axilite & ap_none'.
INFO: [RTGEN 206-500] Setting interface mode on port 'bn/gamma_V' to 's_axilite & ap_none'.
INFO: [RTGEN 206-500] Setting interface mode on port 'bn/moving_mean_V' to 's_axilite & ap_none'.
INFO: [RTGEN 206-500] Setting interface mode on port 'bn/moving_variance_V' to 's_axilite & ap_none'.
INFO: [RTGEN 206-500] Setting interface mode on port 'bn/out_V' to 's_axilite & ap_none'.
INFO: [RTGEN 206-500] Setting interface mode on function 'bn' to 's_axilite & ap_ctrl_hs'.
INFO: [RTGEN 206-100] Bundling port 'return', 'in_V', 'beta_V', 'gamma_V', 'moving_mean_V', 'moving_variance_V' and 'out_V' to AXI-Lite port CTRL.
INFO: [SYN 201-210] Renamed object name 'bn_sdiv_27ns_14ns_27_31_1' to 'bn_sdiv_27ns_14nsbkb' due to the length limit 20
INFO: [SYN 201-210] Renamed object name 'bn_am_submul_16s_16s_16s_33_1_1' to 'bn_am_submul_16s_cud' due to the length limit 20
INFO: [RTGEN 206-100] Generating core module 'bn_am_submul_16s_cud': 1 instance(s).
INFO: [RTGEN 206-100] Generating core module 'bn_sdiv_27ns_14nsbkb': 1 instance(s).
INFO: [RTGEN 206-100] Finished creating RTL model for 'bn'.
Command       create_rtl_model done; 0.165 sec.
INFO: [HLS 200-111]  Elapsed time: 1.142 seconds; current allocated memory: 291.334 MB.
Execute       source D:/HLS_FPGA/BN/HLS/BN/solution5/.autopilot/db/bn.rtl_wrap.cfg.tcl 
Execute       gen_rtl bn -istop -style xilinx -tracefl mytrace -tracefmt vcd -traceopt all -f -lang sc -o D:/HLS_FPGA/BN/HLS/BN/solution5/syn/systemc/bn -synmodules {sqrt_fixed<16, 6>} bn 
Execute       gen_rtl bn -istop -style xilinx -f -lang vhdl -o D:/HLS_FPGA/BN/HLS/BN/solution5/syn/vhdl/bn 
Execute       gen_rtl bn -istop -style xilinx -f -lang vlog -o D:/HLS_FPGA/BN/HLS/BN/solution5/syn/verilog/bn 
Execute       syn_report -csynth -model bn -o D:/HLS_FPGA/BN/HLS/BN/solution5/syn/report/bn_csynth.rpt 
Execute       syn_report -rtlxml -model bn -o D:/HLS_FPGA/BN/HLS/BN/solution5/syn/report/bn_csynth.xml 
Execute       syn_report -verbosereport -model bn -o D:/HLS_FPGA/BN/HLS/BN/solution5/.autopilot/db/bn.verbose.rpt 
Command       syn_report done; 0.262 sec.
Execute       db_write -model bn -f -o D:/HLS_FPGA/BN/HLS/BN/solution5/.autopilot/db/bn.adb 
Execute       gen_tb_info bn -p D:/HLS_FPGA/BN/HLS/BN/solution5/.autopilot/db -o D:/HLS_FPGA/BN/HLS/BN/solution5/.autopilot/db/bn 
Execute       export_constraint_db -f -tool general -o D:/HLS_FPGA/BN/HLS/BN/solution5/.autopilot/db/bn.constraint.tcl 
Execute       syn_report -designview -model bn -o D:/HLS_FPGA/BN/HLS/BN/solution5/.autopilot/db/bn.design.xml 
Command       syn_report done; 0.146 sec.
Execute       get_config_rtl -disable_wave_debug 
Execute       syn_report -wcfg -model bn -o D:/HLS_FPGA/BN/HLS/BN/solution5/.autopilot/db/bn_dataflow_ana.wcfg 
Execute       syn_report -protoinst -model bn -o D:/HLS_FPGA/BN/HLS/BN/solution5/.autopilot/db/bn.protoinst 
Execute       get_config_debug -directory 
Execute       sc_get_clocks bn 
Execute       get_config_export -vivado_clock 
Execute       sc_get_portdomain bn 
INFO-FLOW: Model list for RTL component generation: {sqrt_fixed<16, 6>} bn
INFO-FLOW: Handling components in module [sqrt_fixed_16_6_s] ... 
Execute       source D:/HLS_FPGA/BN/HLS/BN/solution5/.autopilot/db/sqrt_fixed_16_6_s.compgen.tcl 
INFO-FLOW: Handling components in module [bn] ... 
Execute       source D:/HLS_FPGA/BN/HLS/BN/solution5/.autopilot/db/bn.compgen.tcl 
INFO-FLOW: Found component bn_sdiv_27ns_14nsbkb.
INFO-FLOW: Append model bn_sdiv_27ns_14nsbkb
INFO-FLOW: Found component bn_am_submul_16s_cud.
INFO-FLOW: Append model bn_am_submul_16s_cud
INFO-FLOW: Found component bn_CTRL_s_axi.
INFO-FLOW: Append model bn_CTRL_s_axi
INFO-FLOW: Found component bn_IN_r_m_axi.
INFO-FLOW: Append model bn_IN_r_m_axi
INFO-FLOW: Found component bn_BETA_m_axi.
INFO-FLOW: Append model bn_BETA_m_axi
INFO-FLOW: Found component bn_GAMMA_m_axi.
INFO-FLOW: Append model bn_GAMMA_m_axi
INFO-FLOW: Found component bn_M_M_m_axi.
INFO-FLOW: Append model bn_M_M_m_axi
INFO-FLOW: Found component bn_M_V_m_axi.
INFO-FLOW: Append model bn_M_V_m_axi
INFO-FLOW: Found component bn_OUT_r_m_axi.
INFO-FLOW: Append model bn_OUT_r_m_axi
INFO-FLOW: Append model sqrt_fixed_16_6_s
INFO-FLOW: Append model bn
INFO-FLOW: Generating RTL model list ...
INFO-FLOW: All models in this session: bn_sdiv_27ns_14nsbkb bn_am_submul_16s_cud bn_CTRL_s_axi bn_IN_r_m_axi bn_BETA_m_axi bn_GAMMA_m_axi bn_M_M_m_axi bn_M_V_m_axi bn_OUT_r_m_axi sqrt_fixed_16_6_s bn
INFO-FLOW: To file: write model bn_sdiv_27ns_14nsbkb
INFO-FLOW: To file: write model bn_am_submul_16s_cud
INFO-FLOW: To file: write model bn_CTRL_s_axi
INFO-FLOW: To file: write model bn_IN_r_m_axi
INFO-FLOW: To file: write model bn_BETA_m_axi
INFO-FLOW: To file: write model bn_GAMMA_m_axi
INFO-FLOW: To file: write model bn_M_M_m_axi
INFO-FLOW: To file: write model bn_M_V_m_axi
INFO-FLOW: To file: write model bn_OUT_r_m_axi
INFO-FLOW: To file: write model sqrt_fixed_16_6_s
INFO-FLOW: To file: write model bn
INFO-FLOW: Finished generating RTL model list.


INFO-FLOW: RTL Generation done.
INFO-FLOW: CAS Generation done.
INFO-FLOW: CBC Generation done.
INFO-FLOW: DBG:CMD: auto_generate_csynth_design
INFO-FLOW: DBG:CMD:     auto_generate --sim-model -phase csynth_design -d D:/HLS_FPGA/BN/HLS/BN/solution5
Execute       source D:/HLS_FPGA/BN/HLS/BN/solution5/.autopilot/db/global.setting.tcl 
INFO-FLOW: DBG:CMD: read_platform_lib D:/HLS_FPGA/BN/HLS/BN/solution5/.autopilot/db/global.setting.tcl
Execute       source E:/programs/Xilinx/Vivado/2019.1/common/technology/generic/autopilot/common.gen 
Execute         source E:/programs/Xilinx/Vivado/2019.1/common/technology/generic/autopilot/APCoreGen.gen 
Execute       source E:/programs/Xilinx/Vivado/2019.1/common/technology/generic/autopilot/op.gen 
Execute       source E:/programs/Xilinx/Vivado/2019.1/common/technology/generic/autopilot/op_simcore.gen 
Execute       source E:/programs/Xilinx/Vivado/2019.1/common/technology/generic/autopilot/interface.gen 
Execute       source D:/HLS_FPGA/BN/HLS/BN/solution5/.autopilot/db/global.setting.tcl 
Execute       source E:/programs/Xilinx/Vivado/2019.1/common/technology/xilinx/zynq/zynq.gen 
Execute         source E:/programs/Xilinx/Vivado/2019.1/common/technology/xilinx/common/xilinx.gen 
Execute           source E:/programs/Xilinx/Vivado/2019.1/common/technology/xilinx/interface/plb46.gen 
Execute           source E:/programs/Xilinx/Vivado/2019.1/common/technology/xilinx/interface/fsl.gen 
Execute           source E:/programs/Xilinx/Vivado/2019.1/common/technology/xilinx/interface/axi4.gen 
Execute           source E:/programs/Xilinx/Vivado/2019.1/common/technology/xilinx/interface/nativeAXI4.gen 
Execute             source E:/programs/Xilinx/Vivado/2019.1/common/technology/xilinx/interface/saxilite.gen 
Execute             source E:/programs/Xilinx/Vivado/2019.1/common/technology/xilinx/interface/maxi.gen 
Execute           source E:/programs/Xilinx/Vivado/2019.1/common/technology/xilinx/scripts/xilinxcoregen.gen 
Execute           source E:/programs/Xilinx/Vivado/2019.1/common/technology/xilinx/interface/XilEDKCoreGen.gen 
Execute           source E:/programs/Xilinx/Vivado/2019.1/common/technology/xilinx/ip/dds_compiler.gen 
Execute           source E:/programs/Xilinx/Vivado/2019.1/common/technology/xilinx/ip/util.gen 
Execute           source E:/programs/Xilinx/Vivado/2019.1/common/technology/xilinx/ip/xfft.gen 
Execute           source E:/programs/Xilinx/Vivado/2019.1/common/technology/xilinx/ip/xfir.gen 
Execute           source E:/programs/Xilinx/Vivado/2019.1/common/technology/xilinx/common/dsp48.gen 
Command         ap_source done; 0.122 sec.
Command       ap_source done; 0.122 sec.
Execute       source E:/programs/Xilinx/Vivado/2019.1/common/technology/xilinx/zynq/zynq_fpv6.gen 
Execute         source E:/programs/Xilinx/Vivado/2019.1/common/technology/xilinx/common/xilinx_fp.gen 
INFO-FLOW: DBG:CMD:   using AESL_AUTOCG::g_clock_period=10.000 (was NA)
INFO-FLOW: DBG:CMD:       generate_ip_cores sim=1 export=0 expOnly=0 dstVlogDir=syn/verilog
Execute       source D:/HLS_FPGA/BN/HLS/BN/solution5/.autopilot/db/global.setting.tcl 
Execute       ap_part_info -name xc7z020-clg400-1 -data names -quiet 
Execute       ap_part_info -name xc7z020-clg400-1 -data info -quiet 
Execute       source D:/HLS_FPGA/BN/HLS/BN/solution5/.autopilot/db/global.setting.tcl 
Execute       source D:/HLS_FPGA/BN/HLS/BN/solution5/.autopilot/db/global.setting.tcl 
Execute       source D:/HLS_FPGA/BN/HLS/BN/solution5/.autopilot/db/sqrt_fixed_16_6_s.compgen.tcl 
Execute       source D:/HLS_FPGA/BN/HLS/BN/solution5/.autopilot/db/bn.compgen.tcl 
Execute         ap_part_info -name xc7z020-clg400-1 -data names -quiet 
Execute         ap_part_info -name xc7z020-clg400-1 -data info -quiet 
INFO: [RTMG 210-282] Generating pipelined core: 'bn_sdiv_27ns_14nsbkb_div'
Execute         ap_part_info -name xc7z020-clg400-1 -data names -quiet 
Execute         ap_part_info -name xc7z020-clg400-1 -data info -quiet 
Execute         ap_part_info -name xc7z020-clg400-1 -data info 
Execute         source ./CTRL.slave.tcl 
Execute         is_m_axi_addr64 
Execute         ap_part_info -name xc7z020-clg400-1 -data names -quiet 
Execute         ap_part_info -name xc7z020-clg400-1 -data info -quiet 
Execute         ap_part_info -name xc7z020-clg400-1 -data names -quiet 
Execute         ap_part_info -name xc7z020-clg400-1 -data info -quiet 
Execute         ap_part_info -name xc7z020-clg400-1 -data names -quiet 
Execute         ap_part_info -name xc7z020-clg400-1 -data info -quiet 
Execute         ap_part_info -name xc7z020-clg400-1 -data names -quiet 
Execute         ap_part_info -name xc7z020-clg400-1 -data info -quiet 
Execute         ap_part_info -name xc7z020-clg400-1 -data names -quiet 
Execute         ap_part_info -name xc7z020-clg400-1 -data info -quiet 
Execute         ap_part_info -name xc7z020-clg400-1 -data names -quiet 
Execute         ap_part_info -name xc7z020-clg400-1 -data info -quiet 
Command       ap_source done; 0.343 sec.
INFO-FLOW: DBG:CMD:     auto_generate -export -impltomg_flag -rtl both -tool Vivado -pcore_version 1.00.a -phase csynth_design -d D:/HLS_FPGA/BN/HLS/BN/solution5
Execute       source D:/HLS_FPGA/BN/HLS/BN/solution5/.autopilot/db/global.setting.tcl 
INFO-FLOW: DBG:CMD: read_platform_lib D:/HLS_FPGA/BN/HLS/BN/solution5/.autopilot/db/global.setting.tcl
Execute       source E:/programs/Xilinx/Vivado/2019.1/common/technology/generic/autopilot/common.gen 
Execute         source E:/programs/Xilinx/Vivado/2019.1/common/technology/generic/autopilot/APCoreGen.gen 
Execute       source E:/programs/Xilinx/Vivado/2019.1/common/technology/generic/autopilot/op.gen 
Execute       source E:/programs/Xilinx/Vivado/2019.1/common/technology/generic/autopilot/op_simcore.gen 
Execute       source E:/programs/Xilinx/Vivado/2019.1/common/technology/generic/autopilot/interface.gen 
Execute       source D:/HLS_FPGA/BN/HLS/BN/solution5/.autopilot/db/global.setting.tcl 
Execute       source E:/programs/Xilinx/Vivado/2019.1/common/technology/xilinx/zynq/zynq.gen 
Execute         source E:/programs/Xilinx/Vivado/2019.1/common/technology/xilinx/common/xilinx.gen 
Execute           source E:/programs/Xilinx/Vivado/2019.1/common/technology/xilinx/interface/plb46.gen 
Execute           source E:/programs/Xilinx/Vivado/2019.1/common/technology/xilinx/interface/fsl.gen 
Execute           source E:/programs/Xilinx/Vivado/2019.1/common/technology/xilinx/interface/axi4.gen 
Execute           source E:/programs/Xilinx/Vivado/2019.1/common/technology/xilinx/interface/nativeAXI4.gen 
Execute             source E:/programs/Xilinx/Vivado/2019.1/common/technology/xilinx/interface/saxilite.gen 
Execute             source E:/programs/Xilinx/Vivado/2019.1/common/technology/xilinx/interface/maxi.gen 
Execute           source E:/programs/Xilinx/Vivado/2019.1/common/technology/xilinx/scripts/xilinxcoregen.gen 
Execute           source E:/programs/Xilinx/Vivado/2019.1/common/technology/xilinx/interface/XilEDKCoreGen.gen 
Execute           source E:/programs/Xilinx/Vivado/2019.1/common/technology/xilinx/ip/dds_compiler.gen 
Execute           source E:/programs/Xilinx/Vivado/2019.1/common/technology/xilinx/ip/util.gen 
Execute           source E:/programs/Xilinx/Vivado/2019.1/common/technology/xilinx/ip/xfft.gen 
Execute           source E:/programs/Xilinx/Vivado/2019.1/common/technology/xilinx/ip/xfir.gen 
Execute           source E:/programs/Xilinx/Vivado/2019.1/common/technology/xilinx/common/dsp48.gen 
Command         ap_source done; 0.123 sec.
Command       ap_source done; 0.124 sec.
Execute       source E:/programs/Xilinx/Vivado/2019.1/common/technology/xilinx/zynq/zynq_fpv6.gen 
Execute         source E:/programs/Xilinx/Vivado/2019.1/common/technology/xilinx/common/xilinx_fp.gen 
INFO-FLOW: DBG:CMD:       initCTypeInfo top_module=bn xml_exists=0
Execute       source D:/HLS_FPGA/BN/HLS/BN/solution5/.autopilot/db/bn.rtl_wrap.cfg.tcl 
Execute       source D:/HLS_FPGA/BN/HLS/BN/solution5/.autopilot/db/bn.rtl_wrap.cfg.tcl 
Execute       source D:/HLS_FPGA/BN/HLS/BN/solution5/.autopilot/db/bn.rtl_wrap.cfg.tcl 
Execute       source D:/HLS_FPGA/BN/HLS/BN/solution5/.autopilot/db/bn.tbgen.tcl 
Execute       source D:/HLS_FPGA/BN/HLS/BN/solution5/.autopilot/db/bn.tbgen.tcl 
INFO-FLOW: DBG:CMD:       export_impl_rtl
INFO-FLOW: DBG:CMD:       generate_ip_cores sim=0 export=0 expOnly=0 dstVlogDir=impl/.verilog
Execute       source D:/HLS_FPGA/BN/HLS/BN/solution5/.autopilot/db/global.setting.tcl 
Execute       source D:/HLS_FPGA/BN/HLS/BN/solution5/.autopilot/db/sqrt_fixed_16_6_s.compgen.tcl 
Execute       source D:/HLS_FPGA/BN/HLS/BN/solution5/.autopilot/db/bn.compgen.tcl 
INFO-FLOW: DBG:CMD:       generate_ip_cores sim=0 export=1 expOnly=1 dstVlogDir=impl/.pcores/verilog
Execute       source D:/HLS_FPGA/BN/HLS/BN/solution5/.autopilot/db/global.setting.tcl 
Execute       source D:/HLS_FPGA/BN/HLS/BN/solution5/.autopilot/db/sqrt_fixed_16_6_s.compgen.tcl 
Execute       source D:/HLS_FPGA/BN/HLS/BN/solution5/.autopilot/db/bn.compgen.tcl 
Execute         ap_part_info -name xc7z020-clg400-1 -data names -quiet 
Execute         ap_part_info -name xc7z020-clg400-1 -data info -quiet 
Execute         ap_part_info -name xc7z020-clg400-1 -data names -quiet 
Execute         ap_part_info -name xc7z020-clg400-1 -data info -quiet 
Execute         ap_part_info -name xc7z020-clg400-1 -data names -quiet 
Execute         ap_part_info -name xc7z020-clg400-1 -data info -quiet 
Execute         ap_part_info -name xc7z020-clg400-1 -data names -quiet 
Execute         ap_part_info -name xc7z020-clg400-1 -data info -quiet 
Execute         ap_part_info -name xc7z020-clg400-1 -data names -quiet 
Execute         ap_part_info -name xc7z020-clg400-1 -data info -quiet 
Execute         ap_part_info -name xc7z020-clg400-1 -data names -quiet 
Execute         ap_part_info -name xc7z020-clg400-1 -data info -quiet 
Execute       ap_part_info -name xc7z020-clg400-1 -data names -quiet 
Execute       ap_part_info -name xc7z020-clg400-1 -data info -quiet 
INFO-FLOW: DBG:CMD:       generate_ip_cores sim=0 export=0 expOnly=0 dstVlogDir=impl/.pcores/verilog_sim
Execute       source D:/HLS_FPGA/BN/HLS/BN/solution5/.autopilot/db/global.setting.tcl 
Execute       source D:/HLS_FPGA/BN/HLS/BN/solution5/.autopilot/db/sqrt_fixed_16_6_s.compgen.tcl 
Execute       source D:/HLS_FPGA/BN/HLS/BN/solution5/.autopilot/db/bn.compgen.tcl 
Execute       ap_part_info -name xc7z020-clg400-1 -data names -quiet 
Execute       ap_part_info -name xc7z020-clg400-1 -data info -quiet 
Execute       ap_part_info -name xc7z020-clg400-1 -data names -quiet 
Execute       ap_part_info -name xc7z020-clg400-1 -data info -quiet 
Execute       source D:/HLS_FPGA/BN/HLS/BN/solution5/.autopilot/db/global.setting.tcl 
Execute       ap_part_info -name xc7z020-clg400-1 -data names -quiet 
Execute       ap_part_info -name xc7z020-clg400-1 -data info -quiet 
Execute       source D:/HLS_FPGA/BN/HLS/BN/solution5/.autopilot/db/bn.constraint.tcl 
Execute       source D:/HLS_FPGA/BN/HLS/BN/solution5/.autopilot/db/bn.tbgen.tcl 
INFO-FLOW: DBG:CMD:       hasPcoreIpAdapter=false #gSsdmPorts=0
INFO-FLOW: DBG:CMD: Skipping loadAnalyze_DB, #g_database=12
INFO-FLOW: DBG:CMD:       generate_json is_phase_csynth=1 g_has_adaptors=false generate_bd_files=0 #modelList=11 #gSsdmPorts=0
Execute       source E:/programs/Xilinx/Vivado/2019.1/tps/tcl/tcllib1.11.1/fileutil/fileutil.tcl 
Execute       source D:/HLS_FPGA/BN/HLS/BN/solution5/.autopilot/db/global.setting.tcl 
Execute       source D:/HLS_FPGA/BN/HLS/BN/solution5/.autopilot/db/global.setting.tcl 
Execute       get_config_export -xo 
Execute       source D:/HLS_FPGA/BN/HLS/BN/solution5/.autopilot/db/bn.tbgen.tcl 
Execute       source D:/HLS_FPGA/BN/HLS/BN/solution5/.autopilot/db/bn.compgen.dataonly.tcl 
Execute       source D:/HLS_FPGA/BN/HLS/BN/solution5/.autopilot/db/bn.compgen.dataonly.tcl 
Execute       source D:/HLS_FPGA/BN/HLS/BN/solution5/.autopilot/db/bn.tbgen.tcl 
Execute       source D:/HLS_FPGA/BN/HLS/BN/solution5/.autopilot/db/bn.tbgen.tcl 
Execute       source D:/HLS_FPGA/BN/HLS/BN/solution5/.autopilot/db/bn.tbgen.tcl 
Execute       source D:/HLS_FPGA/BN/HLS/BN/solution5/.autopilot/db/bn.tbgen.tcl 
Execute       source D:/HLS_FPGA/BN/HLS/BN/solution5/.autopilot/db/bn.tbgen.tcl 
Execute       source D:/HLS_FPGA/BN/HLS/BN/solution5/.autopilot/db/bn.tbgen.tcl 
Execute       source D:/HLS_FPGA/BN/HLS/BN/solution5/.autopilot/db/global.setting.tcl 
Execute       get_config_sdx -target 
Execute       source D:/HLS_FPGA/BN/HLS/BN/solution5/.autopilot/db/bn.rtl_wrap.cfg.tcl 
Execute       source D:/HLS_FPGA/BN/HLS/BN/solution5/.autopilot/db/bn.compgen.dataonly.tcl 
Execute       source D:/HLS_FPGA/BN/HLS/BN/solution5/.autopilot/db/global.setting.tcl 
Execute       ap_part_info -name xc7z020-clg400-1 -data names -quiet 
Execute       ap_part_info -name xc7z020-clg400-1 -data info -quiet 
Execute       source D:/HLS_FPGA/BN/HLS/BN/solution5/.autopilot/db/bn.constraint.tcl 
Execute       sc_get_clocks bn 
Execute       ap_part_info -name xc7z020-clg400-1 -data names -quiet 
Execute       ap_part_info -name xc7z020-clg400-1 -data info -quiet 
Execute       source D:/HLS_FPGA/BN/HLS/BN/solution5/.autopilot/db/global.setting.tcl 
Execute       get_config_debug -directory 
Execute       source D:/HLS_FPGA/BN/HLS/BN/solution5/.autopilot/db/sqrt_fixed_16_6_s.tbgen.tcl 
Execute       source D:/HLS_FPGA/BN/HLS/BN/solution5/.autopilot/db/bn.tbgen.tcl 
Execute       get_config_sdx -target 
Execute       get_config_sdx -profile 
Execute       get_config_rtl -kernel_profile 
Execute       get_config_rtl -stall_sig_gen 
Execute       get_config_rtl -profile 
INFO-FLOW: DBG:CMD: add_json_sdx_info kernel file does not exist, skipping opencl info: D:/HLS_FPGA/BN/HLS/BN/solution5/.autopilot/db/kernel.internal.xml
INFO-FLOW: DBG:CMD:       delete-temp-dirs (skipped for debug)
INFO: [HLS 200-111] Finished generating all RTL models Time (s): cpu = 00:00:09 ; elapsed = 00:00:44 . Memory (MB): peak = 371.211 ; gain = 279.648
INFO: [VHDL 208-304] Generating VHDL RTL for bn.
INFO: [VLOG 209-307] Generating Verilog RTL for bn.
Command     autosyn done; 5.78 sec.
Command   csynth_design done; 41.632 sec.
Command ap_source done; 42.843 sec.
Execute cleanup_all 
INFO-FLOW: Workspace D:/HLS_FPGA/BN/HLS/BN/solution5 opened at Thu Mar 02 17:41:27 +0800 2023
Execute     config_clock -quiet -name default -period 10 -default=false 
INFO: [SYN 201-201] Setting up clock 'default' with a period of 10ns.
Execute     open_platform DefaultPlatform 
Execute     import_lib E:/programs/Xilinx/Vivado/2019.1/common/technology/xilinx/zynq/zynq 
Execute       source E:/programs/Xilinx/Vivado/2019.1/common/technology/xilinx/common/xilinx.lib 
Execute         source E:/programs/Xilinx/Vivado/2019.1/common/technology/xilinx/interface/xilinx_interface.lib 
Execute           source E:/programs/Xilinx/Vivado/2019.1/common/technology/xilinx/interface/plb46.lib 
Execute           source E:/programs/Xilinx/Vivado/2019.1/common/technology/xilinx/interface/fsl.lib 
Execute           source E:/programs/Xilinx/Vivado/2019.1/common/technology/xilinx/interface/axi4.lib 
Execute           source E:/programs/Xilinx/Vivado/2019.1/common/technology/xilinx/interface/maxi.lib 
Execute           source E:/programs/Xilinx/Vivado/2019.1/common/technology/xilinx/interface/saxilite.lib 
Execute         source E:/programs/Xilinx/Vivado/2019.1/common/technology/xilinx/common/dsp48.lib 
Execute         source E:/programs/Xilinx/Vivado/2019.1/common/technology/xilinx/ip/dds_compiler.lib 
Execute         source E:/programs/Xilinx/Vivado/2019.1/common/technology/xilinx/ip/xfft.lib 
Execute         source E:/programs/Xilinx/Vivado/2019.1/common/technology/xilinx/ip/xfir.lib 
Execute       source E:/programs/Xilinx/Vivado/2019.1/common/technology/xilinx/common/xilinx.hlp 
Execute         source E:/programs/Xilinx/Vivado/2019.1/common/technology/xilinx/common/target_info.tcl 
Execute         source E:/programs/Xilinx/Vivado/2019.1/common/technology/xilinx/interface/xilinx_interface.hlp 
Execute           source E:/programs/Xilinx/Vivado/2019.1/common/technology/xilinx/interface/maxi.hlp 
Execute           source E:/programs/Xilinx/Vivado/2019.1/common/technology/xilinx/interface/saxilite.hlp 
Execute         source E:/programs/Xilinx/Vivado/2019.1/common/technology/xilinx/common/dsp48.hlp 
Execute       source E:/programs/Xilinx/Vivado/2019.1/common/technology/xilinx/zynq/dsp48e1.hlp 
Execute       source E:/programs/Xilinx/Vivado/2019.1/common/technology/xilinx/common/xilinx.hlp 
Execute         source E:/programs/Xilinx/Vivado/2019.1/common/technology/xilinx/common/target_info.tcl 
Execute         source E:/programs/Xilinx/Vivado/2019.1/common/technology/xilinx/interface/xilinx_interface.hlp 
Execute           source E:/programs/Xilinx/Vivado/2019.1/common/technology/xilinx/interface/maxi.hlp 
Execute           source E:/programs/Xilinx/Vivado/2019.1/common/technology/xilinx/interface/saxilite.hlp 
Execute         source E:/programs/Xilinx/Vivado/2019.1/common/technology/xilinx/common/dsp48.hlp 
Execute     source E:/programs/Xilinx/Vivado/2019.1/common/technology/xilinx/zynq/zynq.gen 
Execute       source E:/programs/Xilinx/Vivado/2019.1/common/technology/xilinx/common/xilinx.gen 
Execute         source E:/programs/Xilinx/Vivado/2019.1/common/technology/xilinx/interface/plb46.gen 
Execute         source E:/programs/Xilinx/Vivado/2019.1/common/technology/xilinx/interface/fsl.gen 
Execute         source E:/programs/Xilinx/Vivado/2019.1/common/technology/xilinx/interface/axi4.gen 
Execute         source E:/programs/Xilinx/Vivado/2019.1/common/technology/xilinx/interface/nativeAXI4.gen 
Execute           source E:/programs/Xilinx/Vivado/2019.1/common/technology/xilinx/interface/saxilite.gen 
Execute           source E:/programs/Xilinx/Vivado/2019.1/common/technology/xilinx/interface/maxi.gen 
Execute         source E:/programs/Xilinx/Vivado/2019.1/common/technology/xilinx/scripts/xilinxcoregen.gen 
Execute         source E:/programs/Xilinx/Vivado/2019.1/common/technology/xilinx/interface/XilEDKCoreGen.gen 
Execute         source E:/programs/Xilinx/Vivado/2019.1/common/technology/xilinx/ip/dds_compiler.gen 
Execute         source E:/programs/Xilinx/Vivado/2019.1/common/technology/xilinx/ip/util.gen 
Execute         source E:/programs/Xilinx/Vivado/2019.1/common/technology/xilinx/ip/xfft.gen 
Execute         source E:/programs/Xilinx/Vivado/2019.1/common/technology/xilinx/ip/xfir.gen 
Execute         source E:/programs/Xilinx/Vivado/2019.1/common/technology/xilinx/common/dsp48.gen 
Command       ap_source done; 0.117 sec.
Command     ap_source done; 0.117 sec.
Execute     set_part xc7z020-clg400-1 
Execute       ap_part_info -name xc7z020-clg400-1 -data single -quiet 
Command       ap_part_info done; 0.612 sec.
Execute       ap_part_info -name xc7z020-clg400-1 -data info 
Execute       add_library xilinx/zynq/zynq:xc7z020:-clg400:-1 
Execute         get_default_platform 
Execute         license_isbetapart xc7z020 
Command         license_isbetapart done; error code: 1; 
Execute         ap_part_info -data single -name xc7z020-clg400-1 
Execute         ap_part_info -name xc7z020-clg400-1 -data resources 
Execute         ap_part_info -name xc7z020-clg400-1 -data info 
Execute         ap_part_info -name xc7z020-clg400-1 -data info 
Execute         config_chip_info -quiet -resource {SLICE 13300} {LUT 53200} {FF 106400} {DSP48E 220} {BRAM 280} {URAM 0} 
Execute         ap_part_info -name xc7z020-clg400-1 -data info 
Execute         config_chip_info -quiet -speed slow 
Execute       add_library xilinx/zynq/zynq_fpv6 
Execute         get_default_platform 
Execute         open_platform DefaultPlatform 
Execute         import_lib E:/programs/Xilinx/Vivado/2019.1/common/technology/xilinx/zynq/zynq_fpv6 
Execute           source E:/programs/Xilinx/Vivado/2019.1/common/technology/xilinx/common/xilinx_fp.lib 
Execute           source E:/programs/Xilinx/Vivado/2019.1/common/technology/xilinx/common/xilinx_fp.hlp 
Execute             source E:/programs/Xilinx/Vivado/2019.1/common/technology/xilinx/common/xilinx.hlp 
Execute               source E:/programs/Xilinx/Vivado/2019.1/common/technology/xilinx/common/target_info.tcl 
Execute               source E:/programs/Xilinx/Vivado/2019.1/common/technology/xilinx/interface/xilinx_interface.hlp 
Execute                 source E:/programs/Xilinx/Vivado/2019.1/common/technology/xilinx/interface/maxi.hlp 
Execute                 source E:/programs/Xilinx/Vivado/2019.1/common/technology/xilinx/interface/saxilite.hlp 
Execute               source E:/programs/Xilinx/Vivado/2019.1/common/technology/xilinx/common/dsp48.hlp 
Execute         source E:/programs/Xilinx/Vivado/2019.1/common/technology/xilinx/zynq/zynq_fpv6.gen 
Execute           source E:/programs/Xilinx/Vivado/2019.1/common/technology/xilinx/common/xilinx_fp.gen 
INFO: [HLS 200-10] Setting target device to 'xc7z020-clg400-1'
Execute       ap_part_info -name xc7z020-clg400-1 -data info 
Execute       get_default_platform 
Command     set_part done; 0.734 sec.
Execute     ap_part_info -data single -name xc7z020-clg400-1 
Execute     ap_part_info -name xc7z020-clg400-1 -data resources 
Execute     ap_part_info -name xc7z020-clg400-1 -data info 
Execute     ap_part_info -name xc7z020-clg400-1 -data info 
Execute     config_chip_info -quiet -resource {SLICE 13300} {LUT 53200} {FF 106400} {DSP48E 220} {BRAM 280} {URAM 0} 
Execute     ap_part_info -name xc7z020-clg400-1 -data info 
Execute     config_chip_info -quiet -speed slow 
Command   open_solution done; 0.911 sec.
Execute   export_design -rtl verilog -format ip_catalog 
Execute     get_config_export -acc 
Execute     get_config_export -clock_margin 
Execute     get_config_export -custom_script 
Execute     get_config_export -description 
Execute     get_config_export -display_name 
Execute     get_config_export -driver_input_dir 
Execute     get_config_export -ipname 
Execute     get_config_export -kernel_drc 
Execute     get_config_export -library 
Execute     get_config_export -qor_test 
Execute     get_config_export -sdaccel 
Execute     get_config_export -sim 
Execute     get_config_export -taxonomy 
Execute     get_config_export -use_ip 
Execute     get_config_export -use_netlist 
Execute     get_config_export -vendor 
Execute     get_config_export -version 
Execute     get_config_export -xo 
Execute     config_export -format=ip_catalog -rtl=verilog 
INFO-FLOW: DBG:CMD: export_design_wrap: -format ip_catalog -rtl verilog
Execute     source D:/HLS_FPGA/BN/HLS/BN/solution5/.autopilot/db/global.setting.tcl 
Execute     get_config_export -vivado_clock 
Execute     get_top 
Execute     get_config_sdx -target 
Execute     get_config_rtl -module_auto_prefix 
Execute     get_config_sdx -target 
Execute     get_config_sdx -target 
INFO-FLOW: DBG:CMD:   auto_impl: pack: -export -tool vivado -rtl verilog -sdx-target none
Execute     source D:/HLS_FPGA/BN/HLS/BN/solution5/.autopilot/db/global.setting.tcl 
INFO-FLOW: DBG:CMD: read_platform_lib D:/HLS_FPGA/BN/HLS/BN/solution5/.autopilot/db/global.setting.tcl
Execute     source E:/programs/Xilinx/Vivado/2019.1/common/technology/generic/autopilot/common.gen 
Execute       source E:/programs/Xilinx/Vivado/2019.1/common/technology/generic/autopilot/APCoreGen.gen 
Execute     source E:/programs/Xilinx/Vivado/2019.1/common/technology/generic/autopilot/op.gen 
Execute     source E:/programs/Xilinx/Vivado/2019.1/common/technology/generic/autopilot/op_simcore.gen 
Execute     source E:/programs/Xilinx/Vivado/2019.1/common/technology/generic/autopilot/interface.gen 
Execute     source D:/HLS_FPGA/BN/HLS/BN/solution5/.autopilot/db/global.setting.tcl 
Execute     source E:/programs/Xilinx/Vivado/2019.1/common/technology/xilinx/zynq/zynq.gen 
Execute       source E:/programs/Xilinx/Vivado/2019.1/common/technology/xilinx/common/xilinx.gen 
Execute         source E:/programs/Xilinx/Vivado/2019.1/common/technology/xilinx/interface/plb46.gen 
Execute         source E:/programs/Xilinx/Vivado/2019.1/common/technology/xilinx/interface/fsl.gen 
Execute         source E:/programs/Xilinx/Vivado/2019.1/common/technology/xilinx/interface/axi4.gen 
Execute         source E:/programs/Xilinx/Vivado/2019.1/common/technology/xilinx/interface/nativeAXI4.gen 
Execute           source E:/programs/Xilinx/Vivado/2019.1/common/technology/xilinx/interface/saxilite.gen 
Execute           source E:/programs/Xilinx/Vivado/2019.1/common/technology/xilinx/interface/maxi.gen 
Execute         source E:/programs/Xilinx/Vivado/2019.1/common/technology/xilinx/scripts/xilinxcoregen.gen 
Execute         source E:/programs/Xilinx/Vivado/2019.1/common/technology/xilinx/interface/XilEDKCoreGen.gen 
Execute         source E:/programs/Xilinx/Vivado/2019.1/common/technology/xilinx/ip/dds_compiler.gen 
Execute         source E:/programs/Xilinx/Vivado/2019.1/common/technology/xilinx/ip/util.gen 
Execute         source E:/programs/Xilinx/Vivado/2019.1/common/technology/xilinx/ip/xfft.gen 
Execute         source E:/programs/Xilinx/Vivado/2019.1/common/technology/xilinx/ip/xfir.gen 
Execute         source E:/programs/Xilinx/Vivado/2019.1/common/technology/xilinx/common/dsp48.gen 
Command       ap_source done; 0.106 sec.
Command     ap_source done; 0.107 sec.
Execute     source E:/programs/Xilinx/Vivado/2019.1/common/technology/xilinx/zynq/zynq_fpv6.gen 
Execute       source E:/programs/Xilinx/Vivado/2019.1/common/technology/xilinx/common/xilinx_fp.gen 
INFO-FLOW: DBG:CMD:   using AESL_AUTOCG::g_clock_period=10.000 (was NA)
Execute     ap_part_info -name xc7z020-clg400-1 -data names -quiet 
Execute     ap_part_info -name xc7z020-clg400-1 -data info -quiet 
Execute     source D:/HLS_FPGA/BN/HLS/BN/solution5/.autopilot/db/global.setting.tcl 
INFO: [IMPL 213-8] Exporting RTL as a Vivado IP.
Execute     source D:/HLS_FPGA/BN/HLS/BN/solution5/.autopilot/db/global.setting.tcl 
INFO-FLOW: DBG:CMD: automg_wrap -export -pcore_version 1.00.a -rtl vlog -sdx-target none -tool Vivado -impltomg_flag
INFO-FLOW: DBG:CMD:     auto_generate -export -pcore_version 1.00.a -rtl vlog -sdx-target none -tool Vivado -impltomg_flag
Execute     source D:/HLS_FPGA/BN/HLS/BN/solution5/.autopilot/db/global.setting.tcl 
INFO-FLOW: DBG:CMD: read_platform_lib D:/HLS_FPGA/BN/HLS/BN/solution5/.autopilot/db/global.setting.tcl
Execute     source E:/programs/Xilinx/Vivado/2019.1/common/technology/generic/autopilot/common.gen 
Execute       source E:/programs/Xilinx/Vivado/2019.1/common/technology/generic/autopilot/APCoreGen.gen 
Execute     source E:/programs/Xilinx/Vivado/2019.1/common/technology/generic/autopilot/op.gen 
Execute     source E:/programs/Xilinx/Vivado/2019.1/common/technology/generic/autopilot/op_simcore.gen 
Execute     source E:/programs/Xilinx/Vivado/2019.1/common/technology/generic/autopilot/interface.gen 
Execute     source D:/HLS_FPGA/BN/HLS/BN/solution5/.autopilot/db/global.setting.tcl 
Execute     source E:/programs/Xilinx/Vivado/2019.1/common/technology/xilinx/zynq/zynq.gen 
Execute       source E:/programs/Xilinx/Vivado/2019.1/common/technology/xilinx/common/xilinx.gen 
Execute         source E:/programs/Xilinx/Vivado/2019.1/common/technology/xilinx/interface/plb46.gen 
Execute         source E:/programs/Xilinx/Vivado/2019.1/common/technology/xilinx/interface/fsl.gen 
Execute         source E:/programs/Xilinx/Vivado/2019.1/common/technology/xilinx/interface/axi4.gen 
Execute         source E:/programs/Xilinx/Vivado/2019.1/common/technology/xilinx/interface/nativeAXI4.gen 
Execute           source E:/programs/Xilinx/Vivado/2019.1/common/technology/xilinx/interface/saxilite.gen 
Execute           source E:/programs/Xilinx/Vivado/2019.1/common/technology/xilinx/interface/maxi.gen 
Execute         source E:/programs/Xilinx/Vivado/2019.1/common/technology/xilinx/scripts/xilinxcoregen.gen 
Execute         source E:/programs/Xilinx/Vivado/2019.1/common/technology/xilinx/interface/XilEDKCoreGen.gen 
Execute         source E:/programs/Xilinx/Vivado/2019.1/common/technology/xilinx/ip/dds_compiler.gen 
Execute         source E:/programs/Xilinx/Vivado/2019.1/common/technology/xilinx/ip/util.gen 
Execute         source E:/programs/Xilinx/Vivado/2019.1/common/technology/xilinx/ip/xfft.gen 
Execute         source E:/programs/Xilinx/Vivado/2019.1/common/technology/xilinx/ip/xfir.gen 
Execute         source E:/programs/Xilinx/Vivado/2019.1/common/technology/xilinx/common/dsp48.gen 
Command       ap_source done; 0.108 sec.
Command     ap_source done; 0.109 sec.
Execute     source E:/programs/Xilinx/Vivado/2019.1/common/technology/xilinx/zynq/zynq_fpv6.gen 
Execute       source E:/programs/Xilinx/Vivado/2019.1/common/technology/xilinx/common/xilinx_fp.gen 
INFO-FLOW: DBG:CMD:       initCTypeInfo top_module=bn xml_exists=1
Execute     source D:/HLS_FPGA/BN/HLS/BN/solution5/.autopilot/db/bn.rtl_wrap.cfg.tcl 
Execute     source D:/HLS_FPGA/BN/HLS/BN/solution5/.autopilot/db/bn.rtl_wrap.cfg.tcl 
Execute     source D:/HLS_FPGA/BN/HLS/BN/solution5/.autopilot/db/bn.rtl_wrap.cfg.tcl 
Execute     source D:/HLS_FPGA/BN/HLS/BN/solution5/.autopilot/db/bn.tbgen.tcl 
Execute     source D:/HLS_FPGA/BN/HLS/BN/solution5/.autopilot/db/bn.tbgen.tcl 
INFO-FLOW: DBG:CMD:       export_impl_rtl
INFO-FLOW: DBG:CMD:       generate_ip_cores sim=0 export=0 expOnly=0 dstVlogDir=impl/.verilog
Execute     source D:/HLS_FPGA/BN/HLS/BN/solution5/.autopilot/db/global.setting.tcl 
Execute     source D:/HLS_FPGA/BN/HLS/BN/solution5/.autopilot/db/sqrt_fixed_16_6_s.compgen.tcl 
Execute     source D:/HLS_FPGA/BN/HLS/BN/solution5/.autopilot/db/bn.compgen.tcl 
INFO-FLOW: DBG:CMD:       generate_ip_cores sim=0 export=1 expOnly=1 dstVlogDir=impl/.pcores/verilog
Execute     source D:/HLS_FPGA/BN/HLS/BN/solution5/.autopilot/db/global.setting.tcl 
Execute     source D:/HLS_FPGA/BN/HLS/BN/solution5/.autopilot/db/sqrt_fixed_16_6_s.compgen.tcl 
Execute     source D:/HLS_FPGA/BN/HLS/BN/solution5/.autopilot/db/bn.compgen.tcl 
Execute       ap_part_info -name xc7z020-clg400-1 -data names -quiet 
Execute       ap_part_info -name xc7z020-clg400-1 -data info -quiet 
Execute       ap_part_info -name xc7z020-clg400-1 -data names -quiet 
Execute       ap_part_info -name xc7z020-clg400-1 -data info -quiet 
Execute       ap_part_info -name xc7z020-clg400-1 -data names -quiet 
Execute       ap_part_info -name xc7z020-clg400-1 -data info -quiet 
Execute       ap_part_info -name xc7z020-clg400-1 -data names -quiet 
Execute       ap_part_info -name xc7z020-clg400-1 -data info -quiet 
Execute       ap_part_info -name xc7z020-clg400-1 -data names -quiet 
Execute       ap_part_info -name xc7z020-clg400-1 -data info -quiet 
Execute       ap_part_info -name xc7z020-clg400-1 -data names -quiet 
Execute       ap_part_info -name xc7z020-clg400-1 -data info -quiet 
Execute     ap_part_info -name xc7z020-clg400-1 -data names -quiet 
Execute     ap_part_info -name xc7z020-clg400-1 -data info -quiet 
INFO-FLOW: DBG:CMD:       generate_ip_cores sim=0 export=0 expOnly=0 dstVlogDir=impl/.pcores/verilog_sim
Execute     source D:/HLS_FPGA/BN/HLS/BN/solution5/.autopilot/db/global.setting.tcl 
Execute     source D:/HLS_FPGA/BN/HLS/BN/solution5/.autopilot/db/sqrt_fixed_16_6_s.compgen.tcl 
Execute     source D:/HLS_FPGA/BN/HLS/BN/solution5/.autopilot/db/bn.compgen.tcl 
Execute     ap_part_info -name xc7z020-clg400-1 -data names -quiet 
Execute     ap_part_info -name xc7z020-clg400-1 -data info -quiet 
Execute     ap_part_info -name xc7z020-clg400-1 -data names -quiet 
Execute     ap_part_info -name xc7z020-clg400-1 -data info -quiet 
Execute     source D:/HLS_FPGA/BN/HLS/BN/solution5/.autopilot/db/global.setting.tcl 
Execute     ap_part_info -name xc7z020-clg400-1 -data names -quiet 
Execute     ap_part_info -name xc7z020-clg400-1 -data info -quiet 
Execute     source D:/HLS_FPGA/BN/HLS/BN/solution5/.autopilot/db/bn.constraint.tcl 
Execute     source D:/HLS_FPGA/BN/HLS/BN/solution5/.autopilot/db/bn.tbgen.tcl 
INFO-FLOW: DBG:CMD:       hasPcoreIpAdapter=false #gSsdmPorts=0
INFO-FLOW: DBG:CMD:       copying IP vlog from D:/HLS_FPGA/BN/HLS/BN/solution5/impl/verilog
INFO-FLOW: DBG:CMD:       copying IP vhdl from D:/HLS_FPGA/BN/HLS/BN/solution5/impl/vhdl
INFO-FLOW: DBG:CMD:       copy ip_driver_dir 1_0 D:/HLS_FPGA/BN/HLS/BN/solution5/.autopilot/db/driver
INFO-FLOW: DBG:CMD:       generate_ip_script #gSsdmPorts=0
Execute     ap_part_info -name xc7z020-clg400-1 -data names -quiet 
Execute     ap_part_info -name xc7z020-clg400-1 -data info -quiet 
Execute     ap_part_info -name xc7z020-clg400-1 -data names -quiet 
Execute     ap_part_info -name xc7z020-clg400-1 -data info -quiet 
Execute     source D:/HLS_FPGA/BN/HLS/BN/solution5/.autopilot/db/bn.compgen.dataonly.tcl 
Execute     source D:/HLS_FPGA/BN/HLS/BN/solution5/.autopilot/db/bn.compgen.dataonly.tcl 
Execute     source D:/HLS_FPGA/BN/HLS/BN/solution5/.autopilot/db/bn.tbgen.tcl 
Execute     source D:/HLS_FPGA/BN/HLS/BN/solution5/.autopilot/db/bn.tbgen.tcl 
Execute     source D:/HLS_FPGA/BN/HLS/BN/solution5/.autopilot/db/bn.tbgen.tcl 
Execute     source D:/HLS_FPGA/BN/HLS/BN/solution5/.autopilot/db/bn.tbgen.tcl 
Execute     source D:/HLS_FPGA/BN/HLS/BN/solution5/.autopilot/db/bn.tbgen.tcl 
Execute     source D:/HLS_FPGA/BN/HLS/BN/solution5/.autopilot/db/bn.tbgen.tcl 
Execute     source D:/HLS_FPGA/BN/HLS/BN/solution5/.autopilot/db/global.setting.tcl 
Execute     get_config_sdx -target 
Execute     get_config_debug -directory 
INFO-FLOW: DBG:CMD:       generate_ip_auxiliary
Execute     ap_part_info -name xc7z020-clg400-1 -data names -quiet 
Execute     ap_part_info -name xc7z020-clg400-1 -data info -quiet 
Execute     source D:/HLS_FPGA/BN/HLS/BN/solution5/.autopilot/db/global.setting.tcl 
INFO-FLOW: DBG:CMD:       prepArgInfo -> loadAnalyze_DB top_module=bn
Execute     source D:/HLS_FPGA/BN/HLS/BN/solution5/.autopilot/db/bn.rtl_wrap.cfg.tcl 
Execute     source D:/HLS_FPGA/BN/HLS/BN/solution5/.autopilot/db/bn.rtl_wrap.cfg.tcl 
Execute     source D:/HLS_FPGA/BN/HLS/BN/solution5/.autopilot/db/bn.rtl_wrap.cfg.tcl 
Execute     source D:/HLS_FPGA/BN/HLS/BN/solution5/.autopilot/db/bn.tbgen.tcl 
Execute     source D:/HLS_FPGA/BN/HLS/BN/solution5/.autopilot/db/bn.tbgen.tcl 
Execute     source D:/HLS_FPGA/BN/HLS/BN/solution5/.autopilot/db/bn.tbgen.tcl 
INFO-FLOW: DBG:CMD:       generate_top_info
INFO-FLOW: DBG:CMD:       prepArgInfo -> loadAnalyze_DB top_module=bn
Execute     source D:/HLS_FPGA/BN/HLS/BN/solution5/.autopilot/db/bn.rtl_wrap.cfg.tcl 
Execute     source D:/HLS_FPGA/BN/HLS/BN/solution5/.autopilot/db/bn.rtl_wrap.cfg.tcl 
Execute     source D:/HLS_FPGA/BN/HLS/BN/solution5/.autopilot/db/bn.rtl_wrap.cfg.tcl 
Execute     source D:/HLS_FPGA/BN/HLS/BN/solution5/.autopilot/db/bn.tbgen.tcl 
Execute     source D:/HLS_FPGA/BN/HLS/BN/solution5/.autopilot/db/bn.tbgen.tcl 
Execute     ap_part_info -name xc7z020-clg400-1 -data names -quiet 
Execute     ap_part_info -name xc7z020-clg400-1 -data info -quiet 
Execute     source D:/HLS_FPGA/BN/HLS/BN/solution5/.autopilot/db/global.setting.tcl 
Execute     ap_part_info -name xc7z020-clg400-1 -data names -quiet 
Execute     ap_part_info -name xc7z020-clg400-1 -data info -quiet 
Execute     ap_part_info -name xc7z020-clg400-1 -data names -quiet 
Execute     ap_part_info -name xc7z020-clg400-1 -data info -quiet 
Execute     source D:/HLS_FPGA/BN/HLS/BN/solution5/.autopilot/db/bn.tbgen.tcl 
Execute     source D:/HLS_FPGA/BN/HLS/BN/solution5/.autopilot/db/global.setting.tcl 
Execute     source D:/HLS_FPGA/BN/HLS/BN/solution5/.autopilot/db/bn.constraint.tcl 
INFO-FLOW: DBG:CMD:       generate_ipi_example_script
Execute     ap_part_info -name xc7z020-clg400-1 -data names -quiet 
Execute     ap_part_info -name xc7z020-clg400-1 -data info -quiet 
Execute     ap_part_info -name xc7z020-clg400-1 -data names -quiet 
Execute     ap_part_info -name xc7z020-clg400-1 -data info -quiet 
INFO-FLOW: DBG:CMD:       generate_syn_sh
Execute     ap_part_info -name xc7z020-clg400-1 -data names -quiet 
Execute     ap_part_info -name xc7z020-clg400-1 -data info -quiet 
Execute     source D:/HLS_FPGA/BN/HLS/BN/solution5/.autopilot/db/global.setting.tcl 
INFO-FLOW: DBG:CMD:       generate_imp_constraints
Execute     ap_part_info -name xc7z020-clg400-1 -data names -quiet 
Execute     ap_part_info -name xc7z020-clg400-1 -data info -quiet 
Execute     source D:/HLS_FPGA/BN/HLS/BN/solution5/.autopilot/db/bn.constraint.tcl 
Execute     source D:/HLS_FPGA/BN/HLS/BN/solution5/.autopilot/db/bn.tbgen.tcl 
INFO-FLOW: DBG:CMD:       delete-temp-dirs (skipped for debug)
Execute     ap_part_info -name xc7z020-clg400-1 -data names -quiet 
Execute     ap_part_info -name xc7z020-clg400-1 -data info -quiet 
INFO-FLOW: DBG:CMD: read_platform_lib D:/HLS_FPGA/BN/HLS/BN/solution5/.autopilot/db/global.setting.tcl
Execute     source E:/programs/Xilinx/Vivado/2019.1/common/technology/generic/autopilot/common.gen 
Execute       source E:/programs/Xilinx/Vivado/2019.1/common/technology/generic/autopilot/APCoreGen.gen 
Execute     source E:/programs/Xilinx/Vivado/2019.1/common/technology/generic/autopilot/op.gen 
Execute     source E:/programs/Xilinx/Vivado/2019.1/common/technology/generic/autopilot/op_simcore.gen 
Execute     source E:/programs/Xilinx/Vivado/2019.1/common/technology/generic/autopilot/interface.gen 
Execute     source D:/HLS_FPGA/BN/HLS/BN/solution5/.autopilot/db/global.setting.tcl 
Execute     source E:/programs/Xilinx/Vivado/2019.1/common/technology/xilinx/zynq/zynq.gen 
Execute       source E:/programs/Xilinx/Vivado/2019.1/common/technology/xilinx/common/xilinx.gen 
Execute         source E:/programs/Xilinx/Vivado/2019.1/common/technology/xilinx/interface/plb46.gen 
Execute         source E:/programs/Xilinx/Vivado/2019.1/common/technology/xilinx/interface/fsl.gen 
Execute         source E:/programs/Xilinx/Vivado/2019.1/common/technology/xilinx/interface/axi4.gen 
Execute         source E:/programs/Xilinx/Vivado/2019.1/common/technology/xilinx/interface/nativeAXI4.gen 
Execute           source E:/programs/Xilinx/Vivado/2019.1/common/technology/xilinx/interface/saxilite.gen 
Execute           source E:/programs/Xilinx/Vivado/2019.1/common/technology/xilinx/interface/maxi.gen 
Execute         source E:/programs/Xilinx/Vivado/2019.1/common/technology/xilinx/scripts/xilinxcoregen.gen 
Execute         source E:/programs/Xilinx/Vivado/2019.1/common/technology/xilinx/interface/XilEDKCoreGen.gen 
Execute         source E:/programs/Xilinx/Vivado/2019.1/common/technology/xilinx/ip/dds_compiler.gen 
Execute         source E:/programs/Xilinx/Vivado/2019.1/common/technology/xilinx/ip/util.gen 
Execute         source E:/programs/Xilinx/Vivado/2019.1/common/technology/xilinx/ip/xfft.gen 
Execute         source E:/programs/Xilinx/Vivado/2019.1/common/technology/xilinx/ip/xfir.gen 
Execute         source E:/programs/Xilinx/Vivado/2019.1/common/technology/xilinx/common/dsp48.gen 
Command       ap_source done; 0.124 sec.
Command     ap_source done; 0.124 sec.
Execute     source E:/programs/Xilinx/Vivado/2019.1/common/technology/xilinx/zynq/zynq_fpv6.gen 
Execute       source E:/programs/Xilinx/Vivado/2019.1/common/technology/xilinx/common/xilinx_fp.gen 
Execute     ap_part_info -name xc7z020-clg400-1 -data names -quiet 
Execute     ap_part_info -name xc7z020-clg400-1 -data info -quiet 
INFO-FLOW: DBG:CMD:     exec D:/HLS_FPGA/BN/HLS/BN/solution5/impl/ip/pack.bat
Command   export_design done; 29.673 sec.
Command ap_source done; 30.591 sec.
Execute cleanup_all 
