==============================================================
Vivado(TM) HLS - High-Level Synthesis from C, C++ and SystemC v2019.1 (64-bit)
Copyright 1986-2019 Xilinx, Inc. All Rights Reserved.
==============================================================
INFO: [SYN 201-201] Setting up clock 'default' with a period of 10ns.
INFO: [HLS 200-10] Setting target device to 'xc7z020-clg400-1'
INFO: [SIM 211-2] *************** CSIM start ***************
INFO: [SIM 211-4] CSIM will launch GCC as the compiler.
INFO: [SIM 211-1] CSim done with 0 errors.
INFO: [SIM 211-3] *************** CSIM finish ***************
==============================================================
Vivado(TM) HLS - High-Level Synthesis from C, C++ and SystemC v2019.1 (64-bit)
Copyright 1986-2019 Xilinx, Inc. All Rights Reserved.
==============================================================
INFO: [SYN 201-201] Setting up clock 'default' with a period of 10ns.
INFO: [HLS 200-10] Setting target device to 'xc7z020-clg400-1'
INFO: [SIM 211-2] *************** CSIM start ***************
INFO: [SIM 211-4] CSIM will launch GCC as the compiler.
INFO: [SIM 211-1] CSim done with 0 errors.
INFO: [SIM 211-3] *************** CSIM finish ***************
==============================================================
Vivado(TM) HLS - High-Level Synthesis from C, C++ and SystemC v2019.1 (64-bit)
Copyright 1986-2019 Xilinx, Inc. All Rights Reserved.
==============================================================
INFO: [SYN 201-201] Setting up clock 'default' with a period of 10ns.
INFO: [HLS 200-10] Setting target device to 'xc7z020-clg400-1'
INFO: [SIM 211-2] *************** CSIM start ***************
INFO: [SIM 211-4] CSIM will launch GCC as the compiler.
INFO: [SIM 211-1] CSim done with 0 errors.
INFO: [SIM 211-3] *************** CSIM finish ***************
==============================================================
Vivado(TM) HLS - High-Level Synthesis from C, C++ and SystemC v2019.1 (64-bit)
Copyright 1986-2019 Xilinx, Inc. All Rights Reserved.
==============================================================
INFO: [SYN 201-201] Setting up clock 'default' with a period of 10ns.
INFO: [HLS 200-10] Setting target device to 'xc7z020-clg400-1'
INFO: [SIM 211-2] *************** CSIM start ***************
INFO: [SIM 211-4] CSIM will launch GCC as the compiler.
INFO: [SIM 211-1] CSim file generation done with 0 errors.
INFO: [SIM 211-3] *************** CSIM finish ***************
==============================================================
Vivado(TM) HLS - High-Level Synthesis from C, C++ and SystemC v2019.1 (64-bit)
Copyright 1986-2019 Xilinx, Inc. All Rights Reserved.
==============================================================
INFO: [SYN 201-201] Setting up clock 'default' with a period of 10ns.
INFO: [HLS 200-10] Setting target device to 'xc7z020-clg400-1'
INFO: [SIM 211-2] *************** CSIM start ***************
INFO: [SIM 211-4] CSIM will launch GCC as the compiler.
INFO: [SIM 211-1] CSim file generation done with 0 errors.
INFO: [SIM 211-3] *************** CSIM finish ***************
==============================================================
Vivado(TM) HLS - High-Level Synthesis from C, C++ and SystemC v2019.1 (64-bit)
Copyright 1986-2019 Xilinx, Inc. All Rights Reserved.
==============================================================
INFO: [SYN 201-201] Setting up clock 'default' with a period of 10ns.
INFO: [HLS 200-10] Setting target device to 'xc7z020-clg400-1'
INFO: [SIM 211-2] *************** CSIM start ***************
INFO: [SIM 211-4] CSIM will launch GCC as the compiler.
INFO: [SIM 211-1] CSim done with 0 errors.
INFO: [SIM 211-3] *************** CSIM finish ***************
==============================================================
Vivado(TM) HLS - High-Level Synthesis from C, C++ and SystemC v2019.1 (64-bit)
Copyright 1986-2019 Xilinx, Inc. All Rights Reserved.
==============================================================
INFO: [SYN 201-201] Setting up clock 'default' with a period of 10ns.
INFO: [HLS 200-10] Setting target device to 'xc7z020-clg400-1'
INFO: [SIM 211-2] *************** CSIM start ***************
INFO: [SIM 211-4] CSIM will launch GCC as the compiler.
INFO: [SIM 211-1] CSim done with 0 errors.
INFO: [SIM 211-3] *************** CSIM finish ***************
==============================================================
Vivado(TM) HLS - High-Level Synthesis from C, C++ and SystemC v2019.1 (64-bit)
Copyright 1986-2019 Xilinx, Inc. All Rights Reserved.
==============================================================
INFO: [SYN 201-201] Setting up clock 'default' with a period of 10ns.
INFO: [HLS 200-10] Setting target device to 'xc7z020-clg400-1'
INFO: [SIM 211-2] *************** CSIM start ***************
INFO: [SIM 211-4] CSIM will launch GCC as the compiler.
INFO: [SIM 211-1] CSim file generation done with 0 errors.
INFO: [SIM 211-3] *************** CSIM finish ***************
==============================================================
Vivado(TM) HLS - High-Level Synthesis from C, C++ and SystemC v2019.1 (64-bit)
Copyright 1986-2019 Xilinx, Inc. All Rights Reserved.
==============================================================
INFO: [SYN 201-201] Setting up clock 'default' with a period of 10ns.
INFO: [HLS 200-10] Setting target device to 'xc7z020-clg400-1'
INFO: [SIM 211-2] *************** CSIM start ***************
INFO: [SIM 211-4] CSIM will launch GCC as the compiler.
INFO: [SIM 211-1] CSim file generation done with 0 errors.
INFO: [SIM 211-3] *************** CSIM finish ***************
==============================================================
Vivado(TM) HLS - High-Level Synthesis from C, C++ and SystemC v2019.1 (64-bit)
Copyright 1986-2019 Xilinx, Inc. All Rights Reserved.
==============================================================
INFO: [SYN 201-201] Setting up clock 'default' with a period of 10ns.
INFO: [HLS 200-10] Setting target device to 'xc7z020-clg400-1'
INFO: [SIM 211-2] *************** CSIM start ***************
INFO: [SIM 211-4] CSIM will launch GCC as the compiler.
INFO: [SIM 211-1] CSim file generation done with 0 errors.
INFO: [SIM 211-3] *************** CSIM finish ***************
==============================================================
Vivado(TM) HLS - High-Level Synthesis from C, C++ and SystemC v2019.1 (64-bit)
Copyright 1986-2019 Xilinx, Inc. All Rights Reserved.
==============================================================
INFO: [SYN 201-201] Setting up clock 'default' with a period of 10ns.
INFO: [HLS 200-10] Setting target device to 'xc7z020-clg400-1'
INFO: [SIM 211-2] *************** CSIM start ***************
INFO: [SIM 211-4] CSIM will launch GCC as the compiler.
INFO: [SIM 211-1] CSim file generation done with 0 errors.
INFO: [SIM 211-3] *************** CSIM finish ***************
==============================================================
Vivado(TM) HLS - High-Level Synthesis from C, C++ and SystemC v2019.1 (64-bit)
Copyright 1986-2019 Xilinx, Inc. All Rights Reserved.
==============================================================
INFO: [SYN 201-201] Setting up clock 'default' with a period of 10ns.
INFO: [HLS 200-10] Setting target device to 'xc7z020-clg400-1'
INFO: [SIM 211-2] *************** CSIM start ***************
INFO: [SIM 211-4] CSIM will launch GCC as the compiler.
INFO: [SIM 211-1] CSim file generation done with 0 errors.
INFO: [SIM 211-3] *************** CSIM finish ***************
==============================================================
Vivado(TM) HLS - High-Level Synthesis from C, C++ and SystemC v2019.1 (64-bit)
Copyright 1986-2019 Xilinx, Inc. All Rights Reserved.
==============================================================
INFO: [SYN 201-201] Setting up clock 'default' with a period of 10ns.
INFO: [HLS 200-10] Setting target device to 'xc7z020-clg400-1'
INFO: [SIM 211-2] *************** CSIM start ***************
INFO: [SIM 211-4] CSIM will launch GCC as the compiler.
INFO: [SIM 211-1] CSim file generation done with 0 errors.
INFO: [SIM 211-3] *************** CSIM finish ***************
==============================================================
Vivado(TM) HLS - High-Level Synthesis from C, C++ and SystemC v2019.1 (64-bit)
Copyright 1986-2019 Xilinx, Inc. All Rights Reserved.
==============================================================
INFO: [SYN 201-201] Setting up clock 'default' with a period of 10ns.
INFO: [HLS 200-10] Setting target device to 'xc7z020-clg400-1'
INFO: [SIM 211-2] *************** CSIM start ***************
INFO: [SIM 211-4] CSIM will launch GCC as the compiler.
INFO: [SIM 211-1] CSim file generation done with 0 errors.
INFO: [SIM 211-3] *************** CSIM finish ***************
==============================================================
Vivado(TM) HLS - High-Level Synthesis from C, C++ and SystemC v2019.1 (64-bit)
Copyright 1986-2019 Xilinx, Inc. All Rights Reserved.
==============================================================
INFO: [SYN 201-201] Setting up clock 'default' with a period of 10ns.
INFO: [HLS 200-10] Setting target device to 'xc7z020-clg400-1'
INFO: [SIM 211-2] *************** CSIM start ***************
INFO: [SIM 211-4] CSIM will launch GCC as the compiler.
INFO: [SIM 211-1] CSim done with 0 errors.
INFO: [SIM 211-3] *************** CSIM finish ***************
==============================================================
Vivado(TM) HLS - High-Level Synthesis from C, C++ and SystemC v2019.1 (64-bit)
Copyright 1986-2019 Xilinx, Inc. All Rights Reserved.
==============================================================
INFO: [SYN 201-201] Setting up clock 'default' with a period of 10ns.
INFO: [HLS 200-10] Setting target device to 'xc7z020-clg400-1'
INFO: [SYN 201-201] Setting up clock 'default' with a period of 10ns.
INFO: [SCHED 204-61] Option 'relax_ii_for_timing' is enabled, will increase II to preserve clock frequency constraints.
INFO: [HLS 200-10] Analyzing design file 'BN/bn.cpp' ... 
INFO: [HLS 200-111] Finished Linking Time (s): cpu = 00:00:01 ; elapsed = 00:00:31 . Memory (MB): peak = 184.219 ; gain = 92.633
INFO: [HLS 200-111] Finished Checking Pragmas Time (s): cpu = 00:00:01 ; elapsed = 00:00:31 . Memory (MB): peak = 184.219 ; gain = 92.633
INFO: [HLS 200-10] Starting code transformations ...
INFO: [HLS 200-111] Finished Standard Transforms Time (s): cpu = 00:00:01 ; elapsed = 00:00:33 . Memory (MB): peak = 214.871 ; gain = 123.285
INFO: [HLS 200-10] Checking synthesizability ...
INFO: [XFORM 203-602] Inlining function 'hls::sqrt<16, 6>' into 'sqrt_fixed' (BN/bn.cpp:10) automatically.
INFO: [XFORM 203-602] Inlining function 'sqrt_fixed' into 'bn' (BN/bn.cpp:48) automatically.
WARNING: [SYNCHK 200-23] E:/programs/Xilinx/Vivado/2019.1/common/technology/autopilot/hls_sqrt_apfixed.h:272: variable-indexed range selection may cause suboptimal QoR.
INFO: [SYNCHK 200-10] 0 error(s), 1 warning(s).
INFO: [HLS 200-111] Finished Checking Synthesizability Time (s): cpu = 00:00:02 ; elapsed = 00:00:33 . Memory (MB): peak = 260.293 ; gain = 168.707
INFO: [XFORM 203-502] Unrolling all loops for pipelining in function 'sqrt_fixed<16, 6>' (E:/programs/Xilinx/Vivado/2019.1/common/technology/autopilot/hls_sqrt_apfixed.h:44:36).
INFO: [HLS 200-489] Unrolling loop 'Loop-1' (E:/programs/Xilinx/Vivado/2019.1/common/technology/autopilot/hls_sqrt_apfixed.h:267) in function 'sqrt_fixed<16, 6>' completely with a factor of 3.
INFO: [HLS 200-489] Unrolling loop 'Loop-2' (E:/programs/Xilinx/Vivado/2019.1/common/technology/autopilot/hls_sqrt_apfixed.h:295) in function 'sqrt_fixed<16, 6>' completely with a factor of 11.
INFO: [XFORM 203-102] Automatically partitioning small array 'in_m.V' (BN/bn.cpp:25) completely based on array size.
INFO: [XFORM 203-102] Automatically partitioning small array 'beta_m.V' (BN/bn.cpp:26) completely based on array size.
INFO: [XFORM 203-102] Automatically partitioning small array 'gamma_m.V' (BN/bn.cpp:27) completely based on array size.
INFO: [XFORM 203-102] Automatically partitioning small array 'moving_mean_m.V' (BN/bn.cpp:28) completely based on array size.
INFO: [XFORM 203-102] Automatically partitioning small array 'moving_variance_m.V' (BN/bn.cpp:29) completely based on array size.
INFO: [XFORM 203-101] Partitioning array 'in_m.V' (BN/bn.cpp:25) in dimension 1 completely.
INFO: [XFORM 203-101] Partitioning array 'beta_m.V' (BN/bn.cpp:26) in dimension 1 completely.
INFO: [XFORM 203-101] Partitioning array 'gamma_m.V' (BN/bn.cpp:27) in dimension 1 completely.
INFO: [XFORM 203-101] Partitioning array 'moving_mean_m.V' (BN/bn.cpp:28) in dimension 1 completely.
INFO: [XFORM 203-101] Partitioning array 'moving_variance_m.V' (BN/bn.cpp:29) in dimension 1 completely.
INFO: [XFORM 203-602] Inlining function 'hls::sqrt<16, 6>' into 'sqrt_fixed' (BN/bn.cpp:10) automatically.
INFO: [XFORM 203-602] Inlining function 'sqrt_fixed' into 'bn' (BN/bn.cpp:48) automatically.
INFO: [XFORM 203-401] Performing if-conversion on hyperblock from (E:/programs/Xilinx/Vivado/2019.1/common/technology/autopilot/hls_sqrt_apfixed.h:44:1) to (E:/programs/Xilinx/Vivado/2019.1/common/technology/autopilot/hls_sqrt_apfixed.h:372:1) in function 'sqrt_fixed<16, 6>'... converting 80 basic blocks.
INFO: [XFORM 203-401] Performing if-conversion on hyperblock from (BN/bn.cpp:46:21) to (BN/bn.cpp:40:19) in function 'bn'... converting 11 basic blocks.
INFO: [HLS 200-111] Finished Pre-synthesis Time (s): cpu = 00:00:03 ; elapsed = 00:00:34 . Memory (MB): peak = 330.469 ; gain = 238.883
INFO: [HLS 200-444] Inferring multiple bus burst read of a total cumulative length 32 on port 'BETA' (BN/bn.cpp:35:36). These data requests might be further partitioned to multiple requests during RTL generation, based on max_read_burst_length or max_write_burst_length settings.
INFO: [HLS 200-444] Inferring multiple bus burst read of a total cumulative length 32 on port 'GAMMA' (BN/bn.cpp:36:38). These data requests might be further partitioned to multiple requests during RTL generation, based on max_read_burst_length or max_write_burst_length settings.
INFO: [HLS 200-444] Inferring multiple bus burst read of a total cumulative length 32 on port 'IN' (BN/bn.cpp:34:30). These data requests might be further partitioned to multiple requests during RTL generation, based on max_read_burst_length or max_write_burst_length settings.
INFO: [HLS 200-444] Inferring multiple bus burst read of a total cumulative length 32 on port 'M_M' (BN/bn.cpp:37:50). These data requests might be further partitioned to multiple requests during RTL generation, based on max_read_burst_length or max_write_burst_length settings.
INFO: [HLS 200-444] Inferring multiple bus burst read of a total cumulative length 32 on port 'M_V' (BN/bn.cpp:38:58). These data requests might be further partitioned to multiple requests during RTL generation, based on max_read_burst_length or max_write_burst_length settings.
INFO: [HLS 200-444] Inferring multiple bus burst write of a total cumulative length 32 on port 'OUT' (BN/bn.cpp:57:3). These data requests might be further partitioned to multiple requests during RTL generation, based on max_read_burst_length or max_write_burst_length settings.
INFO: [HLS 200-111] Finished Architecture Synthesis Time (s): cpu = 00:00:03 ; elapsed = 00:00:35 . Memory (MB): peak = 344.504 ; gain = 252.918
INFO: [HLS 200-10] Starting hardware synthesis ...
INFO: [HLS 200-10] Synthesizing 'bn' ...
WARNING: [SYN 201-103] Legalizing function name 'sqrt_fixed<16, 6>' to 'sqrt_fixed_16_6_s'.
WARNING: [SYN 201-107] Renaming port name 'bn/IN' to 'bn/IN_r' to avoid the conflict with HDL keywords or other object names.
WARNING: [SYN 201-107] Renaming port name 'bn/OUT' to 'bn/OUT_r' to avoid the conflict with HDL keywords or other object names.
INFO: [HLS 200-10] ----------------------------------------------------------------
INFO: [HLS 200-42] -- Implementing module 'sqrt_fixed_16_6_s' 
INFO: [HLS 200-10] ----------------------------------------------------------------
INFO: [SCHED 204-11] Starting scheduling ...
INFO: [SCHED 204-61] Pipelining function 'sqrt_fixed<16, 6>'.
INFO: [SCHED 204-61] Pipelining result : Target II = 1, Final II = 1, Depth = 8.
INFO: [SCHED 204-11] Finished scheduling.
INFO: [HLS 200-111]  Elapsed time: 34.828 seconds; current allocated memory: 284.354 MB.
INFO: [BIND 205-100] Starting micro-architecture generation ...
INFO: [BIND 205-101] Performing variable lifetime analysis.
INFO: [BIND 205-101] Exploring resource sharing.
INFO: [BIND 205-101] Binding ...
INFO: [BIND 205-100] Finished micro-architecture generation.
INFO: [HLS 200-111]  Elapsed time: 0.199 seconds; current allocated memory: 285.477 MB.
INFO: [HLS 200-10] ----------------------------------------------------------------
INFO: [HLS 200-42] -- Implementing module 'bn' 
INFO: [HLS 200-10] ----------------------------------------------------------------
INFO: [SCHED 204-11] Starting scheduling ...
INFO: [SCHED 204-11] Finished scheduling.
INFO: [HLS 200-111]  Elapsed time: 0.377 seconds; current allocated memory: 286.534 MB.
INFO: [HLS 200-434] Only 0 loops out of a total 2 loops have been pipelined in this design.
INFO: [BIND 205-100] Starting micro-architecture generation ...
INFO: [BIND 205-101] Performing variable lifetime analysis.
INFO: [BIND 205-101] Exploring resource sharing.
INFO: [BIND 205-101] Binding ...
INFO: [BIND 205-100] Finished micro-architecture generation.
INFO: [HLS 200-111]  Elapsed time: 0.204 seconds; current allocated memory: 287.610 MB.
INFO: [HLS 200-10] ----------------------------------------------------------------
INFO: [HLS 200-10] -- Generating RTL for module 'sqrt_fixed_16_6_s' 
INFO: [HLS 200-10] ----------------------------------------------------------------
INFO: [RTGEN 206-100] Finished creating RTL model for 'sqrt_fixed_16_6_s'.
INFO: [HLS 200-111]  Elapsed time: 0.41 seconds; current allocated memory: 289.883 MB.
INFO: [HLS 200-10] ----------------------------------------------------------------
INFO: [HLS 200-10] -- Generating RTL for module 'bn' 
INFO: [HLS 200-10] ----------------------------------------------------------------
INFO: [RTGEN 206-500] Setting interface mode on port 'bn/IN_r' to 'm_axi'.
INFO: [RTGEN 206-500] Setting interface mode on port 'bn/BETA' to 'm_axi'.
INFO: [RTGEN 206-500] Setting interface mode on port 'bn/GAMMA' to 'm_axi'.
INFO: [RTGEN 206-500] Setting interface mode on port 'bn/M_M' to 'm_axi'.
INFO: [RTGEN 206-500] Setting interface mode on port 'bn/M_V' to 'm_axi'.
INFO: [RTGEN 206-500] Setting interface mode on port 'bn/OUT_r' to 'm_axi'.
INFO: [RTGEN 206-500] Setting interface mode on port 'bn/in_V' to 's_axilite & ap_none'.
INFO: [RTGEN 206-500] Setting interface mode on port 'bn/beta_V' to 's_axilite & ap_none'.
INFO: [RTGEN 206-500] Setting interface mode on port 'bn/gamma_V' to 's_axilite & ap_none'.
INFO: [RTGEN 206-500] Setting interface mode on port 'bn/moving_mean_V' to 's_axilite & ap_none'.
INFO: [RTGEN 206-500] Setting interface mode on port 'bn/moving_variance_V' to 's_axilite & ap_none'.
INFO: [RTGEN 206-500] Setting interface mode on port 'bn/out_V' to 's_axilite & ap_none'.
INFO: [RTGEN 206-500] Setting interface mode on function 'bn' to 's_axilite & ap_ctrl_hs'.
INFO: [RTGEN 206-100] Bundling port 'return', 'in_V', 'beta_V', 'gamma_V', 'moving_mean_V', 'moving_variance_V' and 'out_V' to AXI-Lite port CTRL.
INFO: [SYN 201-210] Renamed object name 'bn_sdiv_44s_14ns_44_48_seq_1' to 'bn_sdiv_44s_14ns_bkb' due to the length limit 20
INFO: [SYN 201-210] Renamed object name 'bn_ama_submuladd_16s_16s_16s_26s_33_1_1' to 'bn_ama_submuladd_cud' due to the length limit 20
INFO: [RTGEN 206-100] Generating core module 'bn_ama_submuladd_cud': 1 instance(s).
INFO: [RTGEN 206-100] Generating core module 'bn_sdiv_44s_14ns_bkb': 1 instance(s).
INFO: [RTGEN 206-100] Finished creating RTL model for 'bn'.
INFO: [HLS 200-111]  Elapsed time: 1.017 seconds; current allocated memory: 294.243 MB.
INFO: [RTMG 210-282] Generating pipelined core: 'bn_sdiv_44s_14ns_bkb_div'
INFO: [HLS 200-111] Finished generating all RTL models Time (s): cpu = 00:00:07 ; elapsed = 00:00:40 . Memory (MB): peak = 376.977 ; gain = 285.391
INFO: [VHDL 208-304] Generating VHDL RTL for bn.
INFO: [VLOG 209-307] Generating Verilog RTL for bn.
INFO: [HLS 200-112] Total elapsed time: 39.828 seconds; peak allocated memory: 294.243 MB.
